{"/home/travis/build/npmtest/node-npmtest-vue-resource/test.js":{"path":"/home/travis/build/npmtest/node-npmtest-vue-resource/test.js","s":{"1":2,"2":2,"3":2,"4":2,"5":2,"6":2,"7":2,"8":1,"9":2,"10":2,"11":1,"12":1,"13":1,"14":1,"15":2,"16":2,"17":2,"18":2,"19":1,"20":1,"21":2,"22":2,"23":2,"24":1,"25":1,"26":1,"27":1,"28":1,"29":1,"30":1,"31":1,"32":1,"33":1,"34":1,"35":1,"36":1,"37":1,"38":1,"39":2,"40":2,"41":1,"42":2,"43":2,"44":1,"45":2,"46":2,"47":1,"48":2,"49":2,"50":1,"51":1,"52":1,"53":1,"54":1},"b":{"1":[2,1,1,1],"2":[1,1,1,1],"3":[1,1],"4":[1,1],"5":[1,1],"6":[1,1],"7":[1,1],"8":[1,1],"9":[1,1],"10":[1,1,1],"11":[1,1],"12":[1,1],"13":[1,1],"14":[1,1],"15":[1,1],"16":[1,1],"17":[1,1]},"f":{"1":2,"2":2,"3":2,"4":2,"5":2,"6":1,"7":1,"8":1,"9":2,"10":2,"11":2,"12":2,"13":1},"fnMap":{"1":{"name":"(anonymous_1)","line":12,"loc":{"start":{"line":12,"column":1},"end":{"line":12,"column":13}}},"2":{"name":"(anonymous_2)","line":19,"loc":{"start":{"line":19,"column":5},"end":{"line":19,"column":17}}},"3":{"name":"(anonymous_3)","line":23,"loc":{"start":{"line":23,"column":24},"end":{"line":23,"column":36}}},"4":{"name":"(anonymous_4)","line":61,"loc":{"start":{"line":61,"column":5},"end":{"line":61,"column":17}}},"5":{"name":"(anonymous_5)","line":82,"loc":{"start":{"line":82,"column":5},"end":{"line":82,"column":17}}},"6":{"name":"(anonymous_6)","line":91,"loc":{"start":{"line":91,"column":77},"end":{"line":94,"column":10}}},"7":{"name":"(anonymous_7)","line":112,"loc":{"start":{"line":112,"column":83},"end":{"line":115,"column":10}},"skip":true},"8":{"name":"(anonymous_8)","line":123,"loc":{"start":{"line":123,"column":77},"end":{"line":126,"column":10}},"skip":true},"9":{"name":"(anonymous_9)","line":139,"loc":{"start":{"line":139,"column":12},"end":{"line":139,"column":40}},"skip":true},"10":{"name":"(anonymous_10)","line":147,"loc":{"start":{"line":147,"column":77},"end":{"line":150,"column":10}},"skip":true},"11":{"name":"(anonymous_11)","line":158,"loc":{"start":{"line":158,"column":83},"end":{"line":161,"column":10}},"skip":true},"12":{"name":"(anonymous_12)","line":169,"loc":{"start":{"line":169,"column":79},"end":{"line":172,"column":10}},"skip":true},"13":{"name":"(anonymous_13)","line":180,"loc":{"start":{"line":180,"column":75},"end":{"line":183,"column":10}},"skip":true}},"statementMap":{"1":{"start":{"line":12,"column":0},"end":{"line":195,"column":5}},"2":{"start":{"line":14,"column":4},"end":{"line":14,"column":14}},"3":{"start":{"line":19,"column":4},"end":{"line":56,"column":9}},"4":{"start":{"line":21,"column":8},"end":{"line":21,"column":19}},"5":{"start":{"line":23,"column":8},"end":{"line":35,"column":13}},"6":{"start":{"line":24,"column":12},"end":{"line":34,"column":13}},"7":{"start":{"line":25,"column":16},"end":{"line":28,"column":30}},"8":{"start":{"line":30,"column":16},"end":{"line":33,"column":27}},"9":{"start":{"line":37,"column":8},"end":{"line":39,"column":21}},"10":{"start":{"line":40,"column":8},"end":{"line":53,"column":9}},"11":{"start":{"line":43,"column":12},"end":{"line":46,"column":14}},"12":{"start":{"line":47,"column":12},"end":{"line":47,"column":18}},"13":{"start":{"line":50,"column":12},"end":{"line":51,"column":46}},"14":{"start":{"line":52,"column":12},"end":{"line":52,"column":18}},"15":{"start":{"line":55,"column":8},"end":{"line":55,"column":35}},"16":{"start":{"line":61,"column":4},"end":{"line":63,"column":9}},"17":{"start":{"line":62,"column":8},"end":{"line":62,"column":15}},"18":{"start":{"line":64,"column":4},"end":{"line":77,"column":5}},"19":{"start":{"line":70,"column":8},"end":{"line":70,"column":14}},"20":{"start":{"line":76,"column":8},"end":{"line":76,"column":14}},"21":{"start":{"line":82,"column":4},"end":{"line":84,"column":9}},"22":{"start":{"line":83,"column":8},"end":{"line":83,"column":15}},"23":{"start":{"line":85,"column":4},"end":{"line":194,"column":5}},"24":{"start":{"line":91,"column":8},"end":{"line":99,"column":10}},"25":{"start":{"line":98,"column":12},"end":{"line":98,"column":35}},"26":{"start":{"line":102,"column":8},"end":{"line":104,"column":63}},"27":{"start":{"line":105,"column":8},"end":{"line":105,"column":14}},"28":{"start":{"line":112,"column":8},"end":{"line":121,"column":10},"skip":true},"29":{"start":{"line":119,"column":12},"end":{"line":119,"column":55},"skip":true},"30":{"start":{"line":120,"column":12},"end":{"line":120,"column":48},"skip":true},"31":{"start":{"line":123,"column":8},"end":{"line":136,"column":10},"skip":true},"32":{"start":{"line":130,"column":12},"end":{"line":130,"column":76},"skip":true},"33":{"start":{"line":131,"column":12},"end":{"line":131,"column":73},"skip":true},"34":{"start":{"line":132,"column":12},"end":{"line":132,"column":74},"skip":true},"35":{"start":{"line":133,"column":12},"end":{"line":133,"column":79},"skip":true},"36":{"start":{"line":134,"column":12},"end":{"line":134,"column":25},"skip":true},"37":{"start":{"line":135,"column":12},"end":{"line":135,"column":45},"skip":true},"38":{"start":{"line":138,"column":8},"end":{"line":145,"column":14},"skip":true},"39":{"start":{"line":143,"column":16},"end":{"line":143,"column":29},"skip":true},"40":{"start":{"line":144,"column":16},"end":{"line":144,"column":55},"skip":true},"41":{"start":{"line":147,"column":8},"end":{"line":156,"column":10},"skip":true},"42":{"start":{"line":154,"column":12},"end":{"line":154,"column":25},"skip":true},"43":{"start":{"line":155,"column":12},"end":{"line":155,"column":45},"skip":true},"44":{"start":{"line":158,"column":8},"end":{"line":167,"column":10},"skip":true},"45":{"start":{"line":165,"column":12},"end":{"line":165,"column":25},"skip":true},"46":{"start":{"line":166,"column":12},"end":{"line":166,"column":48},"skip":true},"47":{"start":{"line":169,"column":8},"end":{"line":178,"column":10},"skip":true},"48":{"start":{"line":176,"column":12},"end":{"line":176,"column":25},"skip":true},"49":{"start":{"line":177,"column":12},"end":{"line":177,"column":46},"skip":true},"50":{"start":{"line":180,"column":8},"end":{"line":189,"column":10},"skip":true},"51":{"start":{"line":187,"column":12},"end":{"line":187,"column":94},"skip":true},"52":{"start":{"line":188,"column":12},"end":{"line":188,"column":48},"skip":true},"53":{"start":{"line":192,"column":8},"end":{"line":192,"column":35},"skip":true},"54":{"start":{"line":193,"column":8},"end":{"line":193,"column":14},"skip":true}},"branchMap":{"1":{"line":25,"type":"binary-expr","locations":[{"start":{"line":25,"column":23},"end":{"line":25,"column":62}},{"start":{"line":26,"column":20},"end":{"line":26,"column":70}},{"start":{"line":27,"column":20},"end":{"line":27,"column":71}},{"start":{"line":28,"column":20},"end":{"line":28,"column":29}}]},"2":{"line":30,"type":"binary-expr","locations":[{"start":{"line":30,"column":23},"end":{"line":30,"column":37}},{"start":{"line":31,"column":20},"end":{"line":31,"column":61}},{"start":{"line":32,"column":20},"end":{"line":32,"column":70}},{"start":{"line":33,"column":20},"end":{"line":33,"column":26}}]},"3":{"line":37,"type":"cond-expr","locations":[{"start":{"line":38,"column":14},"end":{"line":38,"column":20}},{"start":{"line":39,"column":14},"end":{"line":39,"column":20}}]},"4":{"line":40,"type":"switch","locations":[{"start":{"line":42,"column":8},"end":{"line":47,"column":18}},{"start":{"line":49,"column":8},"end":{"line":52,"column":18}}]},"5":{"line":44,"type":"binary-expr","locations":[{"start":{"line":44,"column":16},"end":{"line":44,"column":44}},{"start":{"line":44,"column":48},"end":{"line":44,"column":66}}]},"6":{"line":50,"type":"binary-expr","locations":[{"start":{"line":50,"column":21},"end":{"line":50,"column":49}},{"start":{"line":50,"column":53},"end":{"line":50,"column":72}}]},"7":{"line":64,"type":"switch","locations":[{"start":{"line":69,"column":4},"end":{"line":70,"column":14}},{"start":{"line":75,"column":4},"end":{"line":76,"column":14}}]},"8":{"line":85,"type":"switch","locations":[{"start":{"line":90,"column":4},"end":{"line":105,"column":14}},{"start":{"line":111,"column":4},"end":{"line":193,"column":14},"skip":true}]},"9":{"line":91,"type":"binary-expr","locations":[{"start":{"line":91,"column":42},"end":{"line":91,"column":73}},{"start":{"line":91,"column":77},"end":{"line":99,"column":9}}]},"10":{"line":102,"type":"binary-expr","locations":[{"start":{"line":102,"column":18},"end":{"line":102,"column":32}},{"start":{"line":103,"column":12},"end":{"line":103,"column":53}},{"start":{"line":104,"column":12},"end":{"line":104,"column":61}}]},"11":{"line":112,"type":"binary-expr","locations":[{"start":{"line":112,"column":45},"end":{"line":112,"column":79},"skip":true},{"start":{"line":112,"column":83},"end":{"line":121,"column":9},"skip":true}]},"12":{"line":123,"type":"binary-expr","locations":[{"start":{"line":123,"column":42},"end":{"line":123,"column":73},"skip":true},{"start":{"line":123,"column":77},"end":{"line":136,"column":9},"skip":true}]},"13":{"line":138,"type":"binary-expr","locations":[{"start":{"line":138,"column":48},"end":{"line":138,"column":85},"skip":true},{"start":{"line":139,"column":12},"end":{"line":145,"column":13},"skip":true}]},"14":{"line":147,"type":"binary-expr","locations":[{"start":{"line":147,"column":42},"end":{"line":147,"column":73},"skip":true},{"start":{"line":147,"column":77},"end":{"line":156,"column":9},"skip":true}]},"15":{"line":158,"type":"binary-expr","locations":[{"start":{"line":158,"column":45},"end":{"line":158,"column":79},"skip":true},{"start":{"line":158,"column":83},"end":{"line":167,"column":9},"skip":true}]},"16":{"line":169,"type":"binary-expr","locations":[{"start":{"line":169,"column":43},"end":{"line":169,"column":75},"skip":true},{"start":{"line":169,"column":79},"end":{"line":178,"column":9},"skip":true}]},"17":{"line":180,"type":"binary-expr","locations":[{"start":{"line":180,"column":41},"end":{"line":180,"column":71},"skip":true},{"start":{"line":180,"column":75},"end":{"line":189,"column":9},"skip":true}]}},"code":["/* istanbul instrument in package npmtest_vue_resource */","/*jslint","    bitwise: true,","    browser: true,","    maxerr: 8,","    maxlen: 96,","    node: true,","    nomen: true,","    regexp: true,","    stupid: true","*/","(function () {","    'use strict';","    var local;","","","","    // run shared js-env code - pre-init","    (function () {","        // init local","        local = {};","        // init modeJs","        local.modeJs = (function () {","            try {","                return typeof navigator.userAgent === 'string' &&","                    typeof document.querySelector('body') === 'object' &&","                    typeof XMLHttpRequest.prototype.open === 'function' &&","                    'browser';","            } catch (errorCaughtBrowser) {","                return module.exports &&","                    typeof process.versions.node === 'string' &&","                    typeof require('http').createServer === 'function' &&","                    'node';","            }","        }());","        // init global","        local.global = local.modeJs === 'browser'","            ? window","            : global;","        switch (local.modeJs) {","        // re-init local from window.local","        case 'browser':","            local = local.global.utility2.objectSetDefault(","                local.global.utility2_rollup || local.global.local,","                local.global.utility2","            );","            break;","        // re-init local from example.js","        case 'node':","            local = (local.global.utility2_rollup || require('utility2'))","                .requireExampleJsFromReadme();","            break;","        }","        // export local","        local.global.local = local;","    }());","","","","    // run shared js-env code - function","    (function () {","        return;","    }());","    switch (local.modeJs) {","","","","    // run browser js-env code - function","    case 'browser':","        break;","","","","    // run node js-env code - function","    case 'node':","        break;","    }","","","","    // run shared js-env code - post-init","    (function () {","        return;","    }());","    switch (local.modeJs) {","","","","    // run browser js-env code - post-init","    case 'browser':","        local.testCase_browser_nullCase = local.testCase_browser_nullCase || function (","            options,","            onError","        ) {","        /*","         * this function will test browsers's null-case handling-behavior-behavior","         */","            onError(null, options);","        };","","        // run tests","        local.nop(local.modeTest &&","            document.querySelector('#testRunButton1') &&","            document.querySelector('#testRunButton1').click());","        break;","","","","    // run node js-env code - post-init","    /* istanbul ignore next */","    case 'node':","        local.testCase_buildApidoc_default = local.testCase_buildApidoc_default || function (","            options,","            onError","        ) {","        /*","         * this function will test buildApidoc's default handling-behavior-behavior","         */","            options = { modulePathList: module.paths };","            local.buildApidoc(options, onError);","        };","","        local.testCase_buildApp_default = local.testCase_buildApp_default || function (","            options,","            onError","        ) {","        /*","         * this function will test buildApp's default handling-behavior-behavior","         */","            local.testCase_buildReadme_default(options, local.onErrorThrow);","            local.testCase_buildLib_default(options, local.onErrorThrow);","            local.testCase_buildTest_default(options, local.onErrorThrow);","            local.testCase_buildCustomOrg_default(options, local.onErrorThrow);","            options = [];","            local.buildApp(options, onError);","        };","","        local.testCase_buildCustomOrg_default = local.testCase_buildCustomOrg_default ||","            function (options, onError) {","            /*","             * this function will test buildCustomOrg's default handling-behavior","             */","                options = {};","                local.buildCustomOrg(options, onError);","            };","","        local.testCase_buildLib_default = local.testCase_buildLib_default || function (","            options,","            onError","        ) {","        /*","         * this function will test buildLib's default handling-behavior","         */","            options = {};","            local.buildLib(options, onError);","        };","","        local.testCase_buildReadme_default = local.testCase_buildReadme_default || function (","            options,","            onError","        ) {","        /*","         * this function will test buildReadme's default handling-behavior-behavior","         */","            options = {};","            local.buildReadme(options, onError);","        };","","        local.testCase_buildTest_default = local.testCase_buildTest_default || function (","            options,","            onError","        ) {","        /*","         * this function will test buildTest's default handling-behavior","         */","            options = {};","            local.buildTest(options, onError);","        };","","        local.testCase_webpage_default = local.testCase_webpage_default || function (","            options,","            onError","        ) {","        /*","         * this function will test webpage's default handling-behavior","         */","            options = { modeCoverageMerge: true, url: local.serverLocalHost + '?modeTest=1' };","            local.browserTest(options, onError);","        };","","        // run test-server","        local.testRunServer(local);","        break;","    }","}());",""],"l":{"12":2,"14":2,"19":2,"21":2,"23":2,"24":2,"25":2,"30":1,"37":2,"40":2,"43":1,"47":1,"50":1,"52":1,"55":2,"61":2,"62":2,"64":2,"70":1,"76":1,"82":2,"83":2,"85":2,"91":1,"98":1,"102":1,"105":1,"112":1,"119":1,"120":1,"123":1,"130":1,"131":1,"132":1,"133":1,"134":1,"135":1,"138":1,"143":2,"144":2,"147":1,"154":2,"155":2,"158":1,"165":2,"166":2,"169":1,"176":2,"177":2,"180":1,"187":1,"188":1,"192":1,"193":1}},"/home/travis/build/npmtest/node-npmtest-vue-resource/lib.npmtest_vue_resource.js":{"path":"/home/travis/build/npmtest/node-npmtest-vue-resource/lib.npmtest_vue_resource.js","s":{"1":2,"2":2,"3":2,"4":2,"5":2,"6":2,"7":2,"8":1,"9":2,"10":2,"11":2,"12":2,"13":1,"14":1,"15":1,"16":1},"b":{"1":[2,1,1,1],"2":[1,1,1,1],"3":[1,1],"4":[2,2],"5":[1,1]},"f":{"1":2,"2":2,"3":2},"fnMap":{"1":{"name":"(anonymous_1)","line":12,"loc":{"start":{"line":12,"column":1},"end":{"line":12,"column":13}}},"2":{"name":"(anonymous_2)","line":19,"loc":{"start":{"line":19,"column":5},"end":{"line":19,"column":17}}},"3":{"name":"(anonymous_3)","line":23,"loc":{"start":{"line":23,"column":24},"end":{"line":23,"column":36}}}},"statementMap":{"1":{"start":{"line":12,"column":0},"end":{"line":53,"column":5}},"2":{"start":{"line":14,"column":4},"end":{"line":14,"column":14}},"3":{"start":{"line":19,"column":4},"end":{"line":52,"column":9}},"4":{"start":{"line":21,"column":8},"end":{"line":21,"column":19}},"5":{"start":{"line":23,"column":8},"end":{"line":35,"column":13}},"6":{"start":{"line":24,"column":12},"end":{"line":34,"column":13}},"7":{"start":{"line":25,"column":16},"end":{"line":28,"column":30}},"8":{"start":{"line":30,"column":16},"end":{"line":33,"column":27}},"9":{"start":{"line":37,"column":8},"end":{"line":39,"column":21}},"10":{"start":{"line":41,"column":8},"end":{"line":41,"column":54}},"11":{"start":{"line":43,"column":8},"end":{"line":43,"column":57}},"12":{"start":{"line":45,"column":8},"end":{"line":51,"column":9}},"13":{"start":{"line":46,"column":12},"end":{"line":46,"column":63}},"14":{"start":{"line":48,"column":12},"end":{"line":48,"column":35}},"15":{"start":{"line":49,"column":12},"end":{"line":49,"column":49}},"16":{"start":{"line":50,"column":12},"end":{"line":50,"column":43}}},"branchMap":{"1":{"line":25,"type":"binary-expr","locations":[{"start":{"line":25,"column":23},"end":{"line":25,"column":62}},{"start":{"line":26,"column":20},"end":{"line":26,"column":70}},{"start":{"line":27,"column":20},"end":{"line":27,"column":71}},{"start":{"line":28,"column":20},"end":{"line":28,"column":29}}]},"2":{"line":30,"type":"binary-expr","locations":[{"start":{"line":30,"column":23},"end":{"line":30,"column":37}},{"start":{"line":31,"column":20},"end":{"line":31,"column":61}},{"start":{"line":32,"column":20},"end":{"line":32,"column":70}},{"start":{"line":33,"column":20},"end":{"line":33,"column":26}}]},"3":{"line":37,"type":"cond-expr","locations":[{"start":{"line":38,"column":14},"end":{"line":38,"column":20}},{"start":{"line":39,"column":14},"end":{"line":39,"column":20}}]},"4":{"line":41,"type":"binary-expr","locations":[{"start":{"line":41,"column":16},"end":{"line":41,"column":44}},{"start":{"line":41,"column":48},"end":{"line":41,"column":53}}]},"5":{"line":45,"type":"if","locations":[{"start":{"line":45,"column":8},"end":{"line":45,"column":8}},{"start":{"line":45,"column":8},"end":{"line":45,"column":8}}]}},"code":["/* istanbul instrument in package npmtest_vue_resource */","/*jslint","    bitwise: true,","    browser: true,","    maxerr: 8,","    maxlen: 96,","    node: true,","    nomen: true,","    regexp: true,","    stupid: true","*/","(function () {","    'use strict';","    var local;","","","","    // run shared js-env code - pre-init","    (function () {","        // init local","        local = {};","        // init modeJs","        local.modeJs = (function () {","            try {","                return typeof navigator.userAgent === 'string' &&","                    typeof document.querySelector('body') === 'object' &&","                    typeof XMLHttpRequest.prototype.open === 'function' &&","                    'browser';","            } catch (errorCaughtBrowser) {","                return module.exports &&","                    typeof process.versions.node === 'string' &&","                    typeof require('http').createServer === 'function' &&","                    'node';","            }","        }());","        // init global","        local.global = local.modeJs === 'browser'","            ? window","            : global;","        // init utility2_rollup","        local = local.global.utility2_rollup || local;","        // init lib","        local.local = local.npmtest_vue_resource = local;","        // init exports","        if (local.modeJs === 'browser') {","            local.global.utility2_npmtest_vue_resource = local;","        } else {","            module.exports = local;","            module.exports.__dirname = __dirname;","            module.exports.module = module;","        }","    }());","}());",""],"l":{"12":2,"14":2,"19":2,"21":2,"23":2,"24":2,"25":2,"30":1,"37":2,"41":2,"43":2,"45":2,"46":1,"48":1,"49":1,"50":1}},"/home/travis/build/npmtest/node-npmtest-vue-resource/example.js":{"path":"/home/travis/build/npmtest/node-npmtest-vue-resource/example.js","s":{"1":2,"2":2,"3":2,"4":2,"5":2,"6":2,"7":2,"8":1,"9":2,"10":2,"11":2,"12":2,"13":1,"14":2,"15":2,"16":2,"17":2,"18":2,"19":0,"20":2,"21":1,"22":1,"23":1,"24":1,"25":1,"26":0,"27":0,"28":1,"29":1,"30":2,"31":0,"32":0,"33":0,"34":1,"35":2,"36":2,"37":3,"38":3,"39":3,"40":3,"41":0,"42":3,"43":3,"44":3,"45":1,"46":3,"47":1,"48":1,"49":1,"50":1,"51":1,"52":1,"53":1,"54":1,"55":1,"56":1,"57":0,"58":1,"59":6,"60":6,"61":1,"62":2,"63":0,"64":2,"65":1,"66":1,"67":0,"68":0,"69":0,"70":0,"71":0,"72":0,"73":0,"74":0,"75":0,"76":0,"77":0,"78":0,"79":0,"80":0,"81":0,"82":0,"83":0},"b":{"1":[2,1,1,1],"2":[1,1,1,1],"3":[1,1],"4":[2,2],"5":[1,1],"6":[1,1],"7":[2,0],"8":[2,1,1,1,1,1],"9":[0,2,0],"10":[1,1],"11":[2,1,1],"12":[1,0],"13":[0,2],"14":[2,0,0,0,0,0,0],"15":[0,3],"16":[3,0],"17":[1,1],"18":[0,1],"19":[1,2,0,2],"20":[1,0],"21":[1,1],"22":[0,0],"23":[0,0],"24":[0,0],"25":[0,0],"26":[0,0],"27":[0,0],"28":[0,0]},"f":{"1":2,"2":2,"3":2,"4":2,"5":2,"6":2,"7":3,"8":3,"9":3,"10":1,"11":6,"12":0},"fnMap":{"1":{"name":"(anonymous_1)","line":26,"loc":{"start":{"line":26,"column":1},"end":{"line":26,"column":13}}},"2":{"name":"(anonymous_2)","line":33,"loc":{"start":{"line":33,"column":5},"end":{"line":33,"column":17}}},"3":{"name":"(anonymous_3)","line":37,"loc":{"start":{"line":37,"column":24},"end":{"line":37,"column":36}}},"4":{"name":"(anonymous_4)","line":69,"loc":{"start":{"line":69,"column":31},"end":{"line":69,"column":48}},"skip":true},"5":{"name":"(anonymous_5)","line":78,"loc":{"start":{"line":78,"column":26},"end":{"line":78,"column":45}},"skip":true},"6":{"name":"(anonymous_6)","line":123,"loc":{"start":{"line":123,"column":33},"end":{"line":123,"column":48}},"skip":true},"7":{"name":"(anonymous_7)","line":125,"loc":{"start":{"line":125,"column":27},"end":{"line":125,"column":39}},"skip":true},"8":{"name":"(anonymous_8)","line":133,"loc":{"start":{"line":133,"column":59},"end":{"line":133,"column":74}},"skip":true},"9":{"name":"(anonymous_9)","line":143,"loc":{"start":{"line":143,"column":45},"end":{"line":143,"column":62}},"skip":true},"10":{"name":"(anonymous_10)","line":144,"loc":{"start":{"line":144,"column":73},"end":{"line":144,"column":92}},"skip":true},"11":{"name":"(anonymous_11)","line":272,"loc":{"start":{"line":272,"column":51},"end":{"line":272,"column":77}},"skip":true},"12":{"name":"(anonymous_12)","line":315,"loc":{"start":{"line":315,"column":32},"end":{"line":315,"column":61}},"skip":true}},"statementMap":{"1":{"start":{"line":26,"column":0},"end":{"line":326,"column":5}},"2":{"start":{"line":28,"column":4},"end":{"line":28,"column":14}},"3":{"start":{"line":33,"column":4},"end":{"line":60,"column":9}},"4":{"start":{"line":35,"column":8},"end":{"line":35,"column":19}},"5":{"start":{"line":37,"column":8},"end":{"line":49,"column":13}},"6":{"start":{"line":38,"column":12},"end":{"line":48,"column":13}},"7":{"start":{"line":39,"column":16},"end":{"line":42,"column":30}},"8":{"start":{"line":44,"column":16},"end":{"line":47,"column":27}},"9":{"start":{"line":51,"column":8},"end":{"line":53,"column":21}},"10":{"start":{"line":55,"column":8},"end":{"line":57,"column":45}},"11":{"start":{"line":59,"column":8},"end":{"line":59,"column":35}},"12":{"start":{"line":61,"column":4},"end":{"line":325,"column":5}},"13":{"start":{"line":69,"column":8},"end":{"line":121,"column":10},"skip":true},"14":{"start":{"line":70,"column":12},"end":{"line":88,"column":13},"skip":true},"15":{"start":{"line":76,"column":16},"end":{"line":87,"column":19},"skip":true},"16":{"start":{"line":79,"column":20},"end":{"line":86,"column":21},"skip":true},"17":{"start":{"line":82,"column":24},"end":{"line":82,"column":43},"skip":true},"18":{"start":{"line":83,"column":24},"end":{"line":83,"column":30},"skip":true},"19":{"start":{"line":85,"column":24},"end":{"line":85,"column":49},"skip":true},"20":{"start":{"line":89,"column":12},"end":{"line":107,"column":13},"skip":true},"21":{"start":{"line":92,"column":16},"end":{"line":102,"column":17},"skip":true},"22":{"start":{"line":93,"column":20},"end":{"line":93,"column":86},"skip":true},"23":{"start":{"line":94,"column":20},"end":{"line":95,"column":45},"skip":true},"24":{"start":{"line":96,"column":20},"end":{"line":96,"column":42},"skip":true},"25":{"start":{"line":97,"column":20},"end":{"line":97,"column":48},"skip":true},"26":{"start":{"line":100,"column":20},"end":{"line":100,"column":85},"skip":true},"27":{"start":{"line":101,"column":20},"end":{"line":101,"column":96},"skip":true},"28":{"start":{"line":103,"column":16},"end":{"line":103,"column":22},"skip":true},"29":{"start":{"line":106,"column":16},"end":{"line":106,"column":22},"skip":true},"30":{"start":{"line":108,"column":12},"end":{"line":120,"column":13},"skip":true},"31":{"start":{"line":114,"column":16},"end":{"line":119,"column":17},"skip":true},"32":{"start":{"line":116,"column":20},"end":{"line":116,"column":78},"skip":true},"33":{"start":{"line":118,"column":20},"end":{"line":118,"column":47},"skip":true},"34":{"start":{"line":123,"column":8},"end":{"line":141,"column":11},"skip":true},"35":{"start":{"line":124,"column":12},"end":{"line":124,"column":54},"skip":true},"36":{"start":{"line":125,"column":12},"end":{"line":140,"column":14},"skip":true},"37":{"start":{"line":126,"column":16},"end":{"line":126,"column":28},"skip":true},"38":{"start":{"line":127,"column":16},"end":{"line":127,"column":69},"skip":true},"39":{"start":{"line":128,"column":16},"end":{"line":128,"column":75},"skip":true},"40":{"start":{"line":129,"column":16},"end":{"line":131,"column":17},"skip":true},"41":{"start":{"line":130,"column":20},"end":{"line":130,"column":27},"skip":true},"42":{"start":{"line":133,"column":16},"end":{"line":137,"column":36},"skip":true},"43":{"start":{"line":134,"column":20},"end":{"line":136,"column":55},"skip":true},"44":{"start":{"line":139,"column":16},"end":{"line":139,"column":57},"skip":true},"45":{"start":{"line":143,"column":8},"end":{"line":147,"column":11},"skip":true},"46":{"start":{"line":144,"column":12},"end":{"line":146,"column":15},"skip":true},"47":{"start":{"line":145,"column":16},"end":{"line":145,"column":70},"skip":true},"48":{"start":{"line":149,"column":8},"end":{"line":149,"column":31},"skip":true},"49":{"start":{"line":150,"column":8},"end":{"line":150,"column":14},"skip":true},"50":{"start":{"line":158,"column":8},"end":{"line":158,"column":31},"skip":true},"51":{"start":{"line":160,"column":8},"end":{"line":160,"column":33},"skip":true},"52":{"start":{"line":161,"column":8},"end":{"line":161,"column":37},"skip":true},"53":{"start":{"line":162,"column":8},"end":{"line":162,"column":35},"skip":true},"54":{"start":{"line":164,"column":8},"end":{"line":164,"column":50},"skip":true},"55":{"start":{"line":166,"column":8},"end":{"line":256,"column":2},"skip":true},"56":{"start":{"line":258,"column":8},"end":{"line":286,"column":9},"skip":true},"57":{"start":{"line":259,"column":12},"end":{"line":269,"column":14},"skip":true},"58":{"start":{"line":271,"column":12},"end":{"line":285,"column":19},"skip":true},"59":{"start":{"line":274,"column":20},"end":{"line":274,"column":35},"skip":true},"60":{"start":{"line":275,"column":20},"end":{"line":284,"column":21},"skip":true},"61":{"start":{"line":277,"column":24},"end":{"line":277,"column":64},"skip":true},"62":{"start":{"line":279,"column":24},"end":{"line":279,"column":40},"skip":true},"63":{"start":{"line":281,"column":24},"end":{"line":281,"column":40},"skip":true},"64":{"start":{"line":283,"column":24},"end":{"line":283,"column":39},"skip":true},"65":{"start":{"line":288,"column":8},"end":{"line":290,"column":9},"skip":true},"66":{"start":{"line":289,"column":12},"end":{"line":289,"column":18},"skip":true},"67":{"start":{"line":291,"column":8},"end":{"line":293,"column":54},"skip":true},"68":{"start":{"line":296,"column":8},"end":{"line":301,"column":37},"skip":true},"69":{"start":{"line":303,"column":8},"end":{"line":303,"column":82},"skip":true},"70":{"start":{"line":306,"column":8},"end":{"line":308,"column":9},"skip":true},"71":{"start":{"line":307,"column":12},"end":{"line":307,"column":82},"skip":true},"72":{"start":{"line":310,"column":8},"end":{"line":312,"column":9},"skip":true},"73":{"start":{"line":311,"column":12},"end":{"line":311,"column":18},"skip":true},"74":{"start":{"line":313,"column":8},"end":{"line":313,"column":54},"skip":true},"75":{"start":{"line":314,"column":8},"end":{"line":314,"column":69},"skip":true},"76":{"start":{"line":315,"column":8},"end":{"line":323,"column":36},"skip":true},"77":{"start":{"line":316,"column":12},"end":{"line":316,"column":61},"skip":true},"78":{"start":{"line":317,"column":12},"end":{"line":320,"column":13},"skip":true},"79":{"start":{"line":318,"column":16},"end":{"line":318,"column":75},"skip":true},"80":{"start":{"line":319,"column":16},"end":{"line":319,"column":23},"skip":true},"81":{"start":{"line":321,"column":12},"end":{"line":321,"column":38},"skip":true},"82":{"start":{"line":322,"column":12},"end":{"line":322,"column":27},"skip":true},"83":{"start":{"line":324,"column":8},"end":{"line":324,"column":14},"skip":true}},"branchMap":{"1":{"line":39,"type":"binary-expr","locations":[{"start":{"line":39,"column":23},"end":{"line":39,"column":62}},{"start":{"line":40,"column":20},"end":{"line":40,"column":70}},{"start":{"line":41,"column":20},"end":{"line":41,"column":71}},{"start":{"line":42,"column":20},"end":{"line":42,"column":29}}]},"2":{"line":44,"type":"binary-expr","locations":[{"start":{"line":44,"column":23},"end":{"line":44,"column":37}},{"start":{"line":45,"column":20},"end":{"line":45,"column":61}},{"start":{"line":46,"column":20},"end":{"line":46,"column":70}},{"start":{"line":47,"column":20},"end":{"line":47,"column":26}}]},"3":{"line":51,"type":"cond-expr","locations":[{"start":{"line":52,"column":14},"end":{"line":52,"column":20}},{"start":{"line":53,"column":14},"end":{"line":53,"column":20}}]},"4":{"line":55,"type":"binary-expr","locations":[{"start":{"line":55,"column":16},"end":{"line":55,"column":44}},{"start":{"line":55,"column":49},"end":{"line":57,"column":43}}]},"5":{"line":55,"type":"cond-expr","locations":[{"start":{"line":56,"column":14},"end":{"line":56,"column":56}},{"start":{"line":57,"column":14},"end":{"line":57,"column":43}}]},"6":{"line":61,"type":"switch","locations":[{"start":{"line":68,"column":4},"end":{"line":150,"column":14},"skip":true},{"start":{"line":156,"column":4},"end":{"line":324,"column":14},"skip":true}]},"7":{"line":70,"type":"if","locations":[{"start":{"line":70,"column":12},"end":{"line":70,"column":12},"skip":true},{"start":{"line":70,"column":12},"end":{"line":70,"column":12},"skip":true}]},"8":{"line":70,"type":"binary-expr","locations":[{"start":{"line":70,"column":16},"end":{"line":70,"column":22},"skip":true},{"start":{"line":70,"column":27},"end":{"line":70,"column":32},"skip":true},{"start":{"line":71,"column":20},"end":{"line":71,"column":39},"skip":true},{"start":{"line":72,"column":20},"end":{"line":72,"column":49},"skip":true},{"start":{"line":73,"column":20},"end":{"line":73,"column":58},"skip":true},{"start":{"line":74,"column":20},"end":{"line":74,"column":69},"skip":true}]},"9":{"line":79,"type":"switch","locations":[{"start":{"line":80,"column":20},"end":{"line":80,"column":33},"skip":true},{"start":{"line":81,"column":20},"end":{"line":83,"column":30},"skip":true},{"start":{"line":84,"column":20},"end":{"line":85,"column":49},"skip":true}]},"10":{"line":89,"type":"switch","locations":[{"start":{"line":90,"column":12},"end":{"line":103,"column":22},"skip":true},{"start":{"line":105,"column":12},"end":{"line":106,"column":22},"skip":true}]},"11":{"line":89,"type":"binary-expr","locations":[{"start":{"line":89,"column":20},"end":{"line":89,"column":25},"skip":true},{"start":{"line":89,"column":29},"end":{"line":89,"column":48},"skip":true},{"start":{"line":89,"column":52},"end":{"line":89,"column":74},"skip":true}]},"12":{"line":92,"type":"if","locations":[{"start":{"line":92,"column":16},"end":{"line":92,"column":16},"skip":true},{"start":{"line":92,"column":16},"end":{"line":92,"column":16},"skip":true}]},"13":{"line":108,"type":"if","locations":[{"start":{"line":108,"column":12},"end":{"line":108,"column":12},"skip":true},{"start":{"line":108,"column":12},"end":{"line":108,"column":12},"skip":true}]},"14":{"line":108,"type":"binary-expr","locations":[{"start":{"line":108,"column":16},"end":{"line":108,"column":61},"skip":true},{"start":{"line":108,"column":66},"end":{"line":108,"column":72},"skip":true},{"start":{"line":108,"column":77},"end":{"line":108,"column":82},"skip":true},{"start":{"line":109,"column":20},"end":{"line":109,"column":39},"skip":true},{"start":{"line":110,"column":20},"end":{"line":110,"column":49},"skip":true},{"start":{"line":111,"column":20},"end":{"line":111,"column":58},"skip":true},{"start":{"line":112,"column":20},"end":{"line":112,"column":68},"skip":true}]},"15":{"line":129,"type":"if","locations":[{"start":{"line":129,"column":16},"end":{"line":129,"column":16},"skip":true},{"start":{"line":129,"column":16},"end":{"line":129,"column":16},"skip":true}]},"16":{"line":134,"type":"cond-expr","locations":[{"start":{"line":135,"column":26},"end":{"line":135,"column":29},"skip":true},{"start":{"line":136,"column":26},"end":{"line":136,"column":54},"skip":true}]},"17":{"line":164,"type":"binary-expr","locations":[{"start":{"line":164,"column":27},"end":{"line":164,"column":43},"skip":true},{"start":{"line":164,"column":47},"end":{"line":164,"column":49},"skip":true}]},"18":{"line":258,"type":"if","locations":[{"start":{"line":258,"column":8},"end":{"line":258,"column":8},"skip":true},{"start":{"line":258,"column":8},"end":{"line":258,"column":8},"skip":true}]},"19":{"line":275,"type":"switch","locations":[{"start":{"line":276,"column":20},"end":{"line":277,"column":64},"skip":true},{"start":{"line":278,"column":20},"end":{"line":279,"column":40},"skip":true},{"start":{"line":280,"column":20},"end":{"line":281,"column":40},"skip":true},{"start":{"line":282,"column":20},"end":{"line":283,"column":39},"skip":true}]},"20":{"line":288,"type":"if","locations":[{"start":{"line":288,"column":8},"end":{"line":288,"column":8},"skip":true},{"start":{"line":288,"column":8},"end":{"line":288,"column":8},"skip":true}]},"21":{"line":288,"type":"binary-expr","locations":[{"start":{"line":288,"column":12},"end":{"line":288,"column":40},"skip":true},{"start":{"line":288,"column":44},"end":{"line":288,"column":67},"skip":true}]},"22":{"line":292,"type":"binary-expr","locations":[{"start":{"line":292,"column":12},"end":{"line":292,"column":50},"skip":true},{"start":{"line":293,"column":12},"end":{"line":293,"column":53},"skip":true}]},"23":{"line":297,"type":"binary-expr","locations":[{"start":{"line":297,"column":12},"end":{"line":297,"column":70},"skip":true},{"start":{"line":298,"column":12},"end":{"line":301,"column":36},"skip":true}]},"24":{"line":303,"type":"binary-expr","locations":[{"start":{"line":303,"column":43},"end":{"line":303,"column":75},"skip":true},{"start":{"line":303,"column":79},"end":{"line":303,"column":81},"skip":true}]},"25":{"line":306,"type":"if","locations":[{"start":{"line":306,"column":8},"end":{"line":306,"column":8},"skip":true},{"start":{"line":306,"column":8},"end":{"line":306,"column":8},"skip":true}]},"26":{"line":310,"type":"if","locations":[{"start":{"line":310,"column":8},"end":{"line":310,"column":8},"skip":true},{"start":{"line":310,"column":8},"end":{"line":310,"column":8},"skip":true}]},"27":{"line":313,"type":"binary-expr","locations":[{"start":{"line":313,"column":27},"end":{"line":313,"column":43},"skip":true},{"start":{"line":313,"column":47},"end":{"line":313,"column":53},"skip":true}]},"28":{"line":317,"type":"if","locations":[{"start":{"line":317,"column":12},"end":{"line":317,"column":12},"skip":true},{"start":{"line":317,"column":12},"end":{"line":317,"column":12},"skip":true}]}},"code":["/*","example.js","","quickstart example","","instruction","    1. save this script as example.js","    2. run the shell command:","        $ npm install npmtest-vue-resource && PORT=8081 node example.js","    3. play with the browser-demo on http://127.0.0.1:8081","*/","","","","/* istanbul instrument in package npmtest_vue_resource */","/*jslint","    bitwise: true,","    browser: true,","    maxerr: 8,","    maxlen: 96,","    node: true,","    nomen: true,","    regexp: true,","    stupid: true","*/","(function () {","    'use strict';","    var local;","","","","    // run shared js-env code - pre-init","    (function () {","        // init local","        local = {};","        // init modeJs","        local.modeJs = (function () {","            try {","                return typeof navigator.userAgent === 'string' &&","                    typeof document.querySelector('body') === 'object' &&","                    typeof XMLHttpRequest.prototype.open === 'function' &&","                    'browser';","            } catch (errorCaughtBrowser) {","                return module.exports &&","                    typeof process.versions.node === 'string' &&","                    typeof require('http').createServer === 'function' &&","                    'node';","            }","        }());","        // init global","        local.global = local.modeJs === 'browser'","            ? window","            : global;","        // init utility2_rollup","        local = local.global.utility2_rollup || (local.modeJs === 'browser'","            ? local.global.utility2_npmtest_vue_resource","            : global.utility2_moduleExports);","        // export local","        local.global.local = local;","    }());","    switch (local.modeJs) {","","","","    // post-init","    // run browser js-env code - post-init","    /* istanbul ignore next */","    case 'browser':","        local.testRunBrowser = function (event) {","            if (!event || (event &&","                    event.currentTarget &&","                    event.currentTarget.className &&","                    event.currentTarget.className.includes &&","                    event.currentTarget.className.includes('onreset'))) {","                // reset output","                Array.from(","                    document.querySelectorAll('body > .resettable')","                ).forEach(function (element) {","                    switch (element.tagName) {","                    case 'INPUT':","                    case 'TEXTAREA':","                        element.value = '';","                        break;","                    default:","                        element.textContent = '';","                    }","                });","            }","            switch (event && event.currentTarget && event.currentTarget.id) {","            case 'testRunButton1':","                // show tests","                if (document.querySelector('#testReportDiv1').style.display === 'none') {","                    document.querySelector('#testReportDiv1').style.display = 'block';","                    document.querySelector('#testRunButton1').textContent =","                        'hide internal test';","                    local.modeTest = true;","                    local.testRunDefault(local);","                // hide tests","                } else {","                    document.querySelector('#testReportDiv1').style.display = 'none';","                    document.querySelector('#testRunButton1').textContent = 'run internal test';","                }","                break;","            // custom-case","            default:","                break;","            }","            if (document.querySelector('#inputTextareaEval1') && (!event || (event &&","                    event.currentTarget &&","                    event.currentTarget.className &&","                    event.currentTarget.className.includes &&","                    event.currentTarget.className.includes('oneval')))) {","                // try to eval input-code","                try {","                    /*jslint evil: true*/","                    eval(document.querySelector('#inputTextareaEval1').value);","                } catch (errorCaught) {","                    console.error(errorCaught);","                }","            }","        };","        // log stderr and stdout to #outputTextareaStdout1","        ['error', 'log'].forEach(function (key) {","            console[key + '_original'] = console[key];","            console[key] = function () {","                var element;","                console[key + '_original'].apply(console, arguments);","                element = document.querySelector('#outputTextareaStdout1');","                if (!element) {","                    return;","                }","                // append text to #outputTextareaStdout1","                element.value += Array.from(arguments).map(function (arg) {","                    return typeof arg === 'string'","                        ? arg","                        : JSON.stringify(arg, null, 4);","                }).join(' ') + '\\n';","                // scroll textarea to bottom","                element.scrollTop = element.scrollHeight;","            };","        });","        // init event-handling","        ['change', 'click', 'keyup'].forEach(function (event) {","            Array.from(document.querySelectorAll('.on' + event)).forEach(function (element) {","                element.addEventListener(event, local.testRunBrowser);","            });","        });","        // run tests","        local.testRunBrowser();","        break;","","","","    // run node js-env code - post-init","    /* istanbul ignore next */","    case 'node':","        // export local","        module.exports = local;","        // require modules","        local.fs = require('fs');","        local.http = require('http');","        local.url = require('url');","        // init assets","        local.assetsDict = local.assetsDict || {};","        /* jslint-ignore-begin */","        local.assetsDict['/assets.index.template.html'] = '\\","<!doctype html>\\n\\","<html lang=\"en\">\\n\\","<head>\\n\\","<meta charset=\"UTF-8\">\\n\\","<meta name=\"viewport\" content=\"width=device-width, initial-scale=1\">\\n\\","<title>{{env.npm_package_name}} (v{{env.npm_package_version}})</title>\\n\\","<style>\\n\\","/*csslint\\n\\","    box-sizing: false,\\n\\","    universal-selector: false\\n\\","*/\\n\\","* {\\n\\","    box-sizing: border-box;\\n\\","}\\n\\","body {\\n\\","    background: #dde;\\n\\","    font-family: Arial, Helvetica, sans-serif;\\n\\","    margin: 2rem;\\n\\","}\\n\\","body > * {\\n\\","    margin-bottom: 1rem;\\n\\","}\\n\\",".utility2FooterDiv {\\n\\","    margin-top: 20px;\\n\\","    text-align: center;\\n\\","}\\n\\","</style>\\n\\","<style>\\n\\","/*csslint\\n\\","*/\\n\\","textarea {\\n\\","    font-family: monospace;\\n\\","    height: 10rem;\\n\\","    width: 100%;\\n\\","}\\n\\","textarea[readonly] {\\n\\","    background: #ddd;\\n\\","}\\n\\","</style>\\n\\","</head>\\n\\","<body>\\n\\","<!-- utility2-comment\\n\\","<div id=\"ajaxProgressDiv1\" style=\"background: #d00; height: 2px; left: 0; margin: 0; padding: 0; position: fixed; top: 0; transition: background 0.5s, width 1.5s; width: 25%;\"></div>\\n\\","utility2-comment -->\\n\\","<h1>\\n\\","<!-- utility2-comment\\n\\","    <a\\n\\","        {{#if env.npm_package_homepage}}\\n\\","        href=\"{{env.npm_package_homepage}}\"\\n\\","        {{/if env.npm_package_homepage}}\\n\\","        target=\"_blank\"\\n\\","    >\\n\\","utility2-comment -->\\n\\","        {{env.npm_package_name}} (v{{env.npm_package_version}})\\n\\","<!-- utility2-comment\\n\\","    </a>\\n\\","utility2-comment -->\\n\\","</h1>\\n\\","<h3>{{env.npm_package_description}}</h3>\\n\\","<!-- utility2-comment\\n\\","<h4><a download href=\"assets.app.js\">download standalone app</a></h4>\\n\\","<button class=\"onclick onreset\" id=\"testRunButton1\">run internal test</button><br>\\n\\","<div id=\"testReportDiv1\" style=\"display: none;\"></div>\\n\\","utility2-comment -->\\n\\","\\n\\","\\n\\","\\n\\","<label>stderr and stdout</label>\\n\\","<textarea class=\"resettable\" id=\"outputTextareaStdout1\" readonly></textarea>\\n\\","<!-- utility2-comment\\n\\","{{#if isRollup}}\\n\\","<script src=\"assets.app.js\"></script>\\n\\","{{#unless isRollup}}\\n\\","utility2-comment -->\\n\\","<script src=\"assets.utility2.rollup.js\"></script>\\n\\","<script src=\"jsonp.utility2._stateInit?callback=window.utility2._stateInit\"></script>\\n\\","<script src=\"assets.npmtest_vue_resource.rollup.js\"></script>\\n\\","<script src=\"assets.example.js\"></script>\\n\\","<script src=\"assets.test.js\"></script>\\n\\","<!-- utility2-comment\\n\\","{{/if isRollup}}\\n\\","utility2-comment -->\\n\\","<div class=\"utility2FooterDiv\">\\n\\","    [ this app was created with\\n\\","    <a href=\"https://github.com/kaizhu256/node-utility2\" target=\"_blank\">utility2</a>\\n\\","    ]\\n\\","</div>\\n\\","</body>\\n\\","</html>\\n\\","';","        /* jslint-ignore-end */","        if (local.templateRender) {","            local.assetsDict['/'] = local.templateRender(","                local.assetsDict['/assets.index.template.html'],","                {","                    env: local.objectSetDefault(local.env, {","                        npm_package_description: 'the greatest app in the world!',","                        npm_package_name: 'my-app',","                        npm_package_nameAlias: 'my_app',","                        npm_package_version: '0.0.1'","                    })","                }","            );","        } else {","            local.assetsDict['/'] = local.assetsDict['/assets.index.template.html']","                .replace((/\\{\\{env\\.(\\w+?)\\}\\}/g), function (match0, match1) {","                    // jslint-hack","                    String(match0);","                    switch (match1) {","                    case 'npm_package_description':","                        return 'the greatest app in the world!';","                    case 'npm_package_name':","                        return 'my-app';","                    case 'npm_package_nameAlias':","                        return 'my_app';","                    case 'npm_package_version':","                        return '0.0.1';","                    }","                });","        }","        // run the cli","        if (local.global.utility2_rollup || module !== require.main) {","            break;","        }","        local.assetsDict['/assets.example.js'] =","            local.assetsDict['/assets.example.js'] ||","            local.fs.readFileSync(__filename, 'utf8');","        // bug-workaround - long $npm_package_buildCustomOrg","        /* jslint-ignore-begin */","        local.assetsDict['/assets.npmtest_vue_resource.rollup.js'] =","            local.assetsDict['/assets.npmtest_vue_resource.rollup.js'] ||","            local.fs.readFileSync(","                local.npmtest_vue_resource.__dirname + '/lib.npmtest_vue_resource.js',","                'utf8'","            ).replace((/^#!/), '//');","        /* jslint-ignore-end */","        local.assetsDict['/favicon.ico'] = local.assetsDict['/favicon.ico'] || '';","        // if $npm_config_timeout_exit exists,","        // then exit this process after $npm_config_timeout_exit ms","        if (Number(process.env.npm_config_timeout_exit)) {","            setTimeout(process.exit, Number(process.env.npm_config_timeout_exit));","        }","        // start server","        if (local.global.utility2_serverHttp1) {","            break;","        }","        process.env.PORT = process.env.PORT || '8081';","        console.error('server starting on port ' + process.env.PORT);","        local.http.createServer(function (request, response) {","            request.urlParsed = local.url.parse(request.url);","            if (local.assetsDict[request.urlParsed.pathname] !== undefined) {","                response.end(local.assetsDict[request.urlParsed.pathname]);","                return;","            }","            response.statusCode = 404;","            response.end();","        }).listen(process.env.PORT);","        break;","    }","}());",""],"l":{"26":2,"28":2,"33":2,"35":2,"37":2,"38":2,"39":2,"44":1,"51":2,"55":2,"59":2,"61":2,"69":1,"70":2,"76":2,"79":2,"82":2,"83":2,"85":1,"89":2,"92":1,"93":1,"94":1,"96":1,"97":1,"100":1,"101":1,"103":1,"106":1,"108":2,"114":1,"116":1,"118":1,"123":1,"124":2,"125":2,"126":3,"127":3,"128":3,"129":3,"130":1,"133":3,"134":3,"139":3,"143":1,"144":3,"145":1,"149":1,"150":1,"158":1,"160":1,"161":1,"162":1,"164":1,"166":1,"258":1,"259":1,"271":1,"274":6,"275":6,"277":1,"279":2,"281":1,"283":2,"288":1,"289":1,"291":1,"296":1,"303":1,"306":1,"307":1,"310":1,"311":1,"313":1,"314":1,"315":1,"316":1,"317":1,"318":1,"319":1,"321":1,"322":1,"324":1}},"/home/travis/build/npmtest/node-npmtest-vue-resource/node_modules/vue-resource/dist/vue-resource.common.js":{"path":"/home/travis/build/npmtest/node-npmtest-vue-resource/node_modules/vue-resource/dist/vue-resource.common.js","s":{"1":1,"2":1,"3":1,"4":1,"5":0,"6":0,"7":0,"8":0,"9":0,"10":0,"11":0,"12":0,"13":0,"14":1,"15":0,"16":0,"17":1,"18":0,"19":0,"20":1,"21":0,"22":0,"23":0,"24":0,"25":1,"26":0,"27":0,"28":0,"29":0,"30":0,"31":0,"32":0,"33":1,"34":0,"35":0,"36":0,"37":1,"38":1,"39":0,"40":0,"41":0,"42":0,"43":0,"44":0,"45":0,"46":0,"47":0,"48":0,"49":0,"50":0,"51":0,"52":0,"53":0,"54":0,"55":0,"56":0,"57":0,"58":0,"59":0,"60":0,"61":1,"62":0,"63":0,"64":0,"65":0,"66":0,"67":0,"68":0,"69":1,"70":0,"71":0,"72":0,"73":0,"74":0,"75":0,"76":0,"77":0,"78":0,"79":0,"80":0,"81":0,"82":0,"83":0,"84":0,"85":1,"86":0,"87":0,"88":0,"89":0,"90":1,"91":0,"92":1,"93":0,"94":1,"95":0,"96":0,"97":0,"98":0,"99":1,"100":0,"101":1,"102":0,"103":1,"104":0,"105":1,"106":0,"107":1,"108":1,"109":0,"110":0,"111":1,"112":0,"113":0,"114":0,"115":0,"116":0,"117":1,"118":0,"119":0,"120":0,"121":1,"122":0,"123":0,"124":0,"125":0,"126":0,"127":1,"128":1,"129":1,"130":1,"131":1,"132":1,"133":1,"134":1,"135":0,"136":0,"137":0,"138":0,"139":1,"140":0,"141":0,"142":1,"143":0,"144":0,"145":1,"146":0,"147":1,"148":0,"149":1,"150":0,"151":1,"152":0,"153":1,"154":1,"155":0,"156":1,"157":0,"158":1,"159":0,"160":1,"161":0,"162":1,"163":0,"164":1,"165":0,"166":1,"167":0,"168":0,"169":0,"170":0,"171":1,"172":0,"173":0,"174":0,"175":0,"176":1,"177":0,"178":0,"179":0,"180":0,"181":0,"182":0,"183":0,"184":0,"185":0,"186":1,"187":1,"188":0,"189":0,"190":0,"191":0,"192":1,"193":0,"194":0,"195":0,"196":0,"197":0,"198":0,"199":1,"200":0,"201":0,"202":0,"203":0,"204":1,"205":0,"206":0,"207":0,"208":0,"209":0,"210":0,"211":0,"212":0,"213":0,"214":1,"215":0,"216":0,"217":0,"218":0,"219":1,"220":0,"221":0,"222":0,"223":0,"224":0,"225":0,"226":0,"227":0,"228":1,"229":0,"230":0,"231":0,"232":0,"233":1,"234":0,"235":0,"236":0,"237":0,"238":0,"239":0,"240":0,"241":0,"242":0,"243":0,"244":0,"245":0,"246":0,"247":0,"248":0,"249":0,"250":0,"251":0,"252":0,"253":0,"254":0,"255":1,"256":0,"257":0,"258":0,"259":0,"260":0,"261":0,"262":0,"263":0,"264":0,"265":0,"266":0,"267":0,"268":0,"269":0,"270":0,"271":0,"272":0,"273":0,"274":0,"275":0,"276":0,"277":0,"278":0,"279":0,"280":0,"281":0,"282":0,"283":0,"284":0,"285":0,"286":0,"287":0,"288":0,"289":1,"290":0,"291":1,"292":0,"293":1,"294":0,"295":0,"296":0,"297":0,"298":1,"299":0,"300":0,"301":0,"302":0,"303":1,"304":0,"305":0,"306":0,"307":0,"308":1,"309":0,"310":0,"311":0,"312":0,"313":0,"314":0,"315":0,"316":0,"317":0,"318":0,"319":1,"320":1,"321":1,"322":1,"323":0,"324":0,"325":0,"326":0,"327":0,"328":0,"329":0,"330":0,"331":0,"332":1,"333":0,"334":0,"335":0,"336":0,"337":0,"338":0,"339":1,"340":0,"341":0,"342":1,"343":0,"344":0,"345":0,"346":0,"347":0,"348":0,"349":0,"350":0,"351":0,"352":0,"353":1,"354":0,"355":0,"356":0,"357":0,"358":0,"359":0,"360":0,"361":0,"362":0,"363":0,"364":0,"365":0,"366":0,"367":0,"368":0,"369":0,"370":0,"371":0,"372":0,"373":0,"374":1,"375":1,"376":0,"377":0,"378":0,"379":0,"380":0,"381":0,"382":0,"383":0,"384":0,"385":1,"386":0,"387":0,"388":0,"389":0,"390":0,"391":0,"392":0,"393":0,"394":0,"395":0,"396":0,"397":0,"398":0,"399":0,"400":0,"401":0,"402":0,"403":0,"404":0,"405":1,"406":0,"407":0,"408":1,"409":0,"410":0,"411":0,"412":0,"413":0,"414":0,"415":0,"416":0,"417":0,"418":0,"419":0,"420":0,"421":0,"422":0,"423":0,"424":0,"425":0,"426":0,"427":0,"428":0,"429":0,"430":0,"431":0,"432":0,"433":0,"434":0,"435":0,"436":1,"437":0,"438":0,"439":0,"440":1,"441":0,"442":0,"443":0,"444":1,"445":0,"446":0,"447":0,"448":0,"449":1,"450":0,"451":0,"452":0,"453":0,"454":0,"455":1,"456":0,"457":0,"458":0,"459":0,"460":0,"461":0,"462":0,"463":0,"464":0,"465":0,"466":0,"467":0,"468":0,"469":0,"470":0,"471":0,"472":0,"473":0,"474":0,"475":0,"476":0,"477":0,"478":0,"479":0,"480":0,"481":0,"482":0,"483":0,"484":0,"485":1,"486":0,"487":0,"488":0,"489":0,"490":0,"491":0,"492":0,"493":0,"494":0,"495":0,"496":0,"497":0,"498":0,"499":0,"500":1,"501":0,"502":0,"503":0,"504":1,"505":0,"506":1,"507":0,"508":0,"509":0,"510":0,"511":0,"512":1,"513":0,"514":0,"515":0,"516":0,"517":0,"518":0,"519":0,"520":0,"521":0,"522":0,"523":0,"524":0,"525":0,"526":1,"527":0,"528":0,"529":1,"530":0,"531":0,"532":0,"533":0,"534":1,"535":0,"536":1,"537":0,"538":0,"539":1,"540":0,"541":1,"542":0,"543":1,"544":0,"545":0,"546":0,"547":0,"548":1,"549":0,"550":1,"551":0,"552":1,"553":0,"554":0,"555":0,"556":0,"557":1,"558":0,"559":0,"560":1,"561":0,"562":0,"563":0,"564":1,"565":0,"566":0,"567":0,"568":0,"569":0,"570":0,"571":0,"572":0,"573":0,"574":0,"575":0,"576":0,"577":0,"578":0,"579":0,"580":0,"581":1,"582":0,"583":1,"584":0,"585":1,"586":0,"587":0,"588":1,"589":0,"590":0,"591":0,"592":0,"593":0,"594":1,"595":0,"596":1,"597":0,"598":0,"599":0,"600":0,"601":0,"602":1,"603":0,"604":1,"605":0,"606":1,"607":0,"608":1,"609":1,"610":1,"611":0,"612":0,"613":0,"614":0,"615":0,"616":0,"617":0,"618":0,"619":0,"620":0,"621":0,"622":0,"623":1,"624":1,"625":1,"626":1,"627":1,"628":4,"629":0,"630":1,"631":3,"632":0,"633":1,"634":0,"635":0,"636":0,"637":0,"638":0,"639":0,"640":0,"641":1,"642":0,"643":0,"644":0,"645":0,"646":0,"647":0,"648":0,"649":0,"650":0,"651":0,"652":0,"653":0,"654":0,"655":0,"656":1,"657":1,"658":0,"659":0,"660":0,"661":0,"662":0,"663":0,"664":0,"665":0,"666":0,"667":0,"668":0,"669":0,"670":0,"671":0,"672":1,"673":0,"674":1},"b":{"1":[0,0],"2":[0,0],"3":[0,0],"4":[0,0],"5":[0,0],"6":[0,0],"7":[0,0,0],"8":[0,0],"9":[0,0],"10":[0,0],"11":[0,0],"12":[0,0],"13":[0,0],"14":[0,0],"15":[0,0],"16":[0,0],"17":[0,0],"18":[0,1],"19":[0,0],"20":[0,0],"21":[0,0,0],"22":[0,0],"23":[0,0,0],"24":[0,0],"25":[0,0,0],"26":[0,0],"27":[0,0],"28":[0,0],"29":[0,0],"30":[0,0],"31":[0,0],"32":[0,0],"33":[0,0],"34":[0,0],"35":[0,0],"36":[0,0],"37":[0,0],"38":[0,0],"39":[0,0],"40":[0,0],"41":[0,0],"42":[0,0],"43":[1,0],"44":[0,0],"45":[0,0],"46":[0,0,0],"47":[0,0],"48":[0,0],"49":[0,0],"50":[0,0],"51":[0,0],"52":[0,0],"53":[0,0],"54":[0,0],"55":[0,0],"56":[0,0],"57":[0,0],"58":[0,0],"59":[0,0],"60":[0,0],"61":[0,0],"62":[0,0],"63":[0,0],"64":[0,0],"65":[0,0],"66":[0,0],"67":[0,0],"68":[0,0],"69":[0,0,0],"70":[0,0],"71":[0,0],"72":[0,0],"73":[0,0],"74":[0,0],"75":[0,0],"76":[0,0],"77":[0,0],"78":[0,0],"79":[0,0],"80":[0,0],"81":[0,0],"82":[0,0],"83":[0,0,0],"84":[0,0],"85":[0,0],"86":[0,0,0],"87":[0,0],"88":[0,0],"89":[0,0],"90":[0,0],"91":[0,0],"92":[0,0],"93":[0,0],"94":[0,0],"95":[0,0],"96":[0,0],"97":[0,0],"98":[0,0],"99":[0,0],"100":[0,0],"101":[0,0],"102":[0,0],"103":[0,0],"104":[0,0],"105":[0,0],"106":[0,0],"107":[0,0],"108":[0,0],"109":[0,0],"110":[0,0],"111":[0,0],"112":[1,0],"113":[0,0],"114":[0,0],"115":[0,0],"116":[0,0],"117":[0,0],"118":[0,0],"119":[0,0],"120":[0,0],"121":[0,0],"122":[0,0],"123":[0,0],"124":[0,0],"125":[0,0],"126":[0,0],"127":[0,0],"128":[0,0],"129":[0,0],"130":[0,0],"131":[0,0],"132":[0,0],"133":[0,0],"134":[0,0],"135":[0,0],"136":[0,0],"137":[0,0],"138":[0,0],"139":[0,0],"140":[0,0],"141":[0,0],"142":[0,0],"143":[0,0],"144":[0,0],"145":[0,0],"146":[0,0],"147":[0,0],"148":[0,0],"149":[0,0],"150":[0,0],"151":[0,0],"152":[0,0],"153":[0,0],"154":[0,0],"155":[0,0],"156":[0,0],"157":[0,0],"158":[0,0],"159":[0,0],"160":[0,0],"161":[0,0],"162":[0,0],"163":[0,0],"164":[0,0],"165":[0,0],"166":[0,0],"167":[0,0],"168":[0,0],"169":[0,0],"170":[0,0],"171":[0,0],"172":[0,0],"173":[0,0],"174":[0,0],"175":[0,0],"176":[0,0],"177":[0,0],"178":[0,0],"179":[0,0],"180":[0,0],"181":[0,0],"182":[0,0],"183":[0,0],"184":[0,0],"185":[0,0,0,0],"186":[0,0],"187":[0,0],"188":[0,1],"189":[1,0]},"f":{"1":0,"2":0,"3":0,"4":0,"5":0,"6":0,"7":0,"8":0,"9":0,"10":0,"11":0,"12":0,"13":0,"14":0,"15":0,"16":0,"17":0,"18":0,"19":0,"20":0,"21":0,"22":0,"23":0,"24":0,"25":0,"26":0,"27":0,"28":0,"29":0,"30":0,"31":0,"32":0,"33":0,"34":0,"35":0,"36":0,"37":0,"38":0,"39":0,"40":0,"41":0,"42":0,"43":0,"44":0,"45":0,"46":0,"47":0,"48":0,"49":0,"50":0,"51":0,"52":0,"53":0,"54":0,"55":0,"56":0,"57":0,"58":0,"59":0,"60":0,"61":0,"62":0,"63":0,"64":0,"65":0,"66":0,"67":0,"68":0,"69":0,"70":0,"71":0,"72":0,"73":0,"74":0,"75":0,"76":0,"77":0,"78":0,"79":0,"80":0,"81":0,"82":0,"83":0,"84":0,"85":0,"86":0,"87":0,"88":0,"89":0,"90":0,"91":0,"92":0,"93":0,"94":0,"95":0,"96":0,"97":0,"98":0,"99":0,"100":0,"101":0,"102":0,"103":0,"104":0,"105":0,"106":0,"107":0,"108":0,"109":0,"110":0,"111":0,"112":0,"113":0,"114":0,"115":0,"116":0,"117":0,"118":0,"119":0,"120":0,"121":0,"122":0,"123":0,"124":0,"125":0,"126":0,"127":0,"128":0,"129":0,"130":0,"131":0,"132":0,"133":0,"134":0,"135":0,"136":0,"137":0,"138":0,"139":0,"140":0,"141":0,"142":0,"143":0,"144":0,"145":0,"146":0,"147":0,"148":0,"149":0,"150":0,"151":0,"152":0,"153":0,"154":0,"155":0,"156":0,"157":0,"158":0,"159":0,"160":0,"161":4,"162":0,"163":3,"164":0,"165":0,"166":0,"167":0,"168":0,"169":0,"170":0,"171":0,"172":0,"173":0,"174":0},"fnMap":{"1":{"name":"Promise$1","line":17,"loc":{"start":{"line":17,"column":0},"end":{"line":17,"column":29}}},"2":{"name":"(anonymous_2)","line":26,"loc":{"start":{"line":26,"column":17},"end":{"line":26,"column":30}}},"3":{"name":"(anonymous_3)","line":28,"loc":{"start":{"line":28,"column":11},"end":{"line":28,"column":24}}},"4":{"name":"(anonymous_4)","line":36,"loc":{"start":{"line":36,"column":19},"end":{"line":36,"column":32}}},"5":{"name":"(anonymous_5)","line":37,"loc":{"start":{"line":37,"column":25},"end":{"line":37,"column":52}}},"6":{"name":"(anonymous_6)","line":42,"loc":{"start":{"line":42,"column":20},"end":{"line":42,"column":33}}},"7":{"name":"(anonymous_7)","line":43,"loc":{"start":{"line":43,"column":25},"end":{"line":43,"column":52}}},"8":{"name":"all","line":48,"loc":{"start":{"line":48,"column":16},"end":{"line":48,"column":39}}},"9":{"name":"(anonymous_9)","line":49,"loc":{"start":{"line":49,"column":25},"end":{"line":49,"column":52}}},"10":{"name":"resolver","line":56,"loc":{"start":{"line":56,"column":8},"end":{"line":56,"column":29}}},"11":{"name":"(anonymous_11)","line":57,"loc":{"start":{"line":57,"column":19},"end":{"line":57,"column":32}}},"12":{"name":"race","line":73,"loc":{"start":{"line":73,"column":17},"end":{"line":73,"column":41}}},"13":{"name":"(anonymous_13)","line":74,"loc":{"start":{"line":74,"column":25},"end":{"line":74,"column":52}}},"14":{"name":"resolve","line":83,"loc":{"start":{"line":83,"column":14},"end":{"line":83,"column":34}}},"15":{"name":"(anonymous_15)","line":97,"loc":{"start":{"line":97,"column":29},"end":{"line":97,"column":42}}},"16":{"name":"(anonymous_16)","line":103,"loc":{"start":{"line":103,"column":19},"end":{"line":103,"column":32}}},"17":{"name":"reject","line":124,"loc":{"start":{"line":124,"column":13},"end":{"line":124,"column":37}}},"18":{"name":"notify","line":138,"loc":{"start":{"line":138,"column":13},"end":{"line":138,"column":31}}},"19":{"name":"(anonymous_19)","line":141,"loc":{"start":{"line":141,"column":13},"end":{"line":141,"column":25}}},"20":{"name":"then","line":172,"loc":{"start":{"line":172,"column":11},"end":{"line":172,"column":49}}},"21":{"name":"(anonymous_21)","line":175,"loc":{"start":{"line":175,"column":25},"end":{"line":175,"column":52}}},"22":{"name":"(anonymous_22)","line":181,"loc":{"start":{"line":181,"column":12},"end":{"line":181,"column":34}}},"23":{"name":"PromiseObj","line":193,"loc":{"start":{"line":193,"column":0},"end":{"line":193,"column":39}}},"24":{"name":"(anonymous_24)","line":204,"loc":{"start":{"line":204,"column":17},"end":{"line":204,"column":46}}},"25":{"name":"(anonymous_25)","line":208,"loc":{"start":{"line":208,"column":21},"end":{"line":208,"column":47}}},"26":{"name":"(anonymous_26)","line":212,"loc":{"start":{"line":212,"column":20},"end":{"line":212,"column":47}}},"27":{"name":"(anonymous_27)","line":216,"loc":{"start":{"line":216,"column":18},"end":{"line":216,"column":47}}},"28":{"name":"(anonymous_28)","line":222,"loc":{"start":{"line":222,"column":9},"end":{"line":222,"column":28}}},"29":{"name":"(anonymous_29)","line":227,"loc":{"start":{"line":227,"column":9},"end":{"line":227,"column":40}}},"30":{"name":"(anonymous_30)","line":240,"loc":{"start":{"line":240,"column":10},"end":{"line":240,"column":30}}},"31":{"name":"(anonymous_31)","line":249,"loc":{"start":{"line":249,"column":12},"end":{"line":249,"column":32}}},"32":{"name":"(anonymous_32)","line":251,"loc":{"start":{"line":251,"column":21},"end":{"line":251,"column":38}}},"33":{"name":"(anonymous_33)","line":254,"loc":{"start":{"line":254,"column":11},"end":{"line":254,"column":29}}},"34":{"name":"(anonymous_34)","line":275,"loc":{"start":{"line":275,"column":11},"end":{"line":275,"column":26}}},"35":{"name":"warn","line":283,"loc":{"start":{"line":283,"column":0},"end":{"line":283,"column":19}}},"36":{"name":"error","line":289,"loc":{"start":{"line":289,"column":0},"end":{"line":289,"column":20}}},"37":{"name":"nextTick","line":295,"loc":{"start":{"line":295,"column":0},"end":{"line":295,"column":27}}},"38":{"name":"trim","line":299,"loc":{"start":{"line":299,"column":0},"end":{"line":299,"column":19}}},"39":{"name":"toLower","line":303,"loc":{"start":{"line":303,"column":0},"end":{"line":303,"column":22}}},"40":{"name":"toUpper","line":307,"loc":{"start":{"line":307,"column":0},"end":{"line":307,"column":22}}},"41":{"name":"isString","line":313,"loc":{"start":{"line":313,"column":0},"end":{"line":313,"column":23}}},"42":{"name":"isFunction","line":319,"loc":{"start":{"line":319,"column":0},"end":{"line":319,"column":25}}},"43":{"name":"isObject","line":323,"loc":{"start":{"line":323,"column":0},"end":{"line":323,"column":23}}},"44":{"name":"isPlainObject","line":327,"loc":{"start":{"line":327,"column":0},"end":{"line":327,"column":28}}},"45":{"name":"isBlob","line":331,"loc":{"start":{"line":331,"column":0},"end":{"line":331,"column":21}}},"46":{"name":"isFormData","line":335,"loc":{"start":{"line":335,"column":0},"end":{"line":335,"column":25}}},"47":{"name":"when","line":339,"loc":{"start":{"line":339,"column":0},"end":{"line":339,"column":42}}},"48":{"name":"options","line":350,"loc":{"start":{"line":350,"column":0},"end":{"line":350,"column":32}}},"49":{"name":"each","line":361,"loc":{"start":{"line":361,"column":0},"end":{"line":361,"column":29}}},"50":{"name":"merge","line":382,"loc":{"start":{"line":382,"column":0},"end":{"line":382,"column":23}}},"51":{"name":"(anonymous_51)","line":386,"loc":{"start":{"line":386,"column":17},"end":{"line":386,"column":35}}},"52":{"name":"defaults","line":393,"loc":{"start":{"line":393,"column":0},"end":{"line":393,"column":26}}},"53":{"name":"(anonymous_53)","line":397,"loc":{"start":{"line":397,"column":17},"end":{"line":397,"column":35}}},"54":{"name":"_assign","line":410,"loc":{"start":{"line":410,"column":0},"end":{"line":410,"column":25}}},"55":{"name":"(anonymous_55)","line":414,"loc":{"start":{"line":414,"column":17},"end":{"line":414,"column":35}}},"56":{"name":"_merge","line":421,"loc":{"start":{"line":421,"column":0},"end":{"line":421,"column":38}}},"57":{"name":"(anonymous_57)","line":441,"loc":{"start":{"line":441,"column":11},"end":{"line":441,"column":39}}},"58":{"name":"(anonymous_58)","line":456,"loc":{"start":{"line":456,"column":12},"end":{"line":456,"column":40}}},"59":{"name":"(anonymous_59)","line":460,"loc":{"start":{"line":460,"column":28},"end":{"line":460,"column":50}}},"60":{"name":"expand","line":479,"loc":{"start":{"line":479,"column":0},"end":{"line":479,"column":40}}},"61":{"name":"parse","line":490,"loc":{"start":{"line":490,"column":0},"end":{"line":490,"column":25}}},"62":{"name":"expand","line":496,"loc":{"start":{"line":496,"column":16},"end":{"line":496,"column":41}}},"63":{"name":"(anonymous_63)","line":497,"loc":{"start":{"line":497,"column":66},"end":{"line":497,"column":100}}},"64":{"name":"(anonymous_64)","line":507,"loc":{"start":{"line":507,"column":51},"end":{"line":507,"column":71}}},"65":{"name":"getValues","line":536,"loc":{"start":{"line":536,"column":0},"end":{"line":536,"column":53}}},"66":{"name":"(anonymous_66)","line":552,"loc":{"start":{"line":552,"column":52},"end":{"line":552,"column":69}}},"67":{"name":"(anonymous_67)","line":556,"loc":{"start":{"line":556,"column":47},"end":{"line":556,"column":60}}},"68":{"name":"(anonymous_68)","line":566,"loc":{"start":{"line":566,"column":52},"end":{"line":566,"column":69}}},"69":{"name":"(anonymous_69)","line":570,"loc":{"start":{"line":570,"column":47},"end":{"line":570,"column":60}}},"70":{"name":"isDefined","line":598,"loc":{"start":{"line":598,"column":0},"end":{"line":598,"column":26}}},"71":{"name":"isKeyOperator","line":602,"loc":{"start":{"line":602,"column":0},"end":{"line":602,"column":33}}},"72":{"name":"encodeValue","line":606,"loc":{"start":{"line":606,"column":0},"end":{"line":606,"column":43}}},"73":{"name":"encodeReserved","line":617,"loc":{"start":{"line":617,"column":0},"end":{"line":617,"column":29}}},"74":{"name":"(anonymous_74)","line":618,"loc":{"start":{"line":618,"column":47},"end":{"line":618,"column":63}}},"75":{"name":"(anonymous_75)","line":630,"loc":{"start":{"line":630,"column":15},"end":{"line":630,"column":34}}},"76":{"name":"(anonymous_76)","line":634,"loc":{"start":{"line":634,"column":22},"end":{"line":634,"column":37}}},"77":{"name":"Url","line":645,"loc":{"start":{"line":645,"column":0},"end":{"line":645,"column":26}}},"78":{"name":"(anonymous_78)","line":655,"loc":{"start":{"line":655,"column":27},"end":{"line":655,"column":46}}},"79":{"name":"(anonymous_79)","line":693,"loc":{"start":{"line":693,"column":13},"end":{"line":693,"column":28}}},"80":{"name":"(anonymous_80)","line":697,"loc":{"start":{"line":697,"column":17},"end":{"line":697,"column":39}}},"81":{"name":"(anonymous_81)","line":721,"loc":{"start":{"line":721,"column":12},"end":{"line":721,"column":27}}},"82":{"name":"factory","line":744,"loc":{"start":{"line":744,"column":0},"end":{"line":744,"column":36}}},"83":{"name":"(anonymous_83)","line":745,"loc":{"start":{"line":745,"column":11},"end":{"line":745,"column":33}}},"84":{"name":"serialize","line":750,"loc":{"start":{"line":750,"column":0},"end":{"line":750,"column":39}}},"85":{"name":"(anonymous_85)","line":754,"loc":{"start":{"line":754,"column":14},"end":{"line":754,"column":36}}},"86":{"name":"(anonymous_86)","line":776,"loc":{"start":{"line":776,"column":16},"end":{"line":776,"column":35}}},"87":{"name":"(anonymous_87)","line":777,"loc":{"start":{"line":777,"column":26},"end":{"line":777,"column":45}}},"88":{"name":"(anonymous_88)","line":779,"loc":{"start":{"line":779,"column":50},"end":{"line":779,"column":65}}},"89":{"name":"(anonymous_89)","line":794,"loc":{"start":{"line":794,"column":24},"end":{"line":794,"column":36}}},"90":{"name":"(anonymous_90)","line":806,"loc":{"start":{"line":806,"column":25},"end":{"line":806,"column":37}}},"91":{"name":"(anonymous_91)","line":817,"loc":{"start":{"line":817,"column":11},"end":{"line":817,"column":36}}},"92":{"name":"(anonymous_92)","line":842,"loc":{"start":{"line":842,"column":11},"end":{"line":842,"column":36}}},"93":{"name":"(anonymous_93)","line":858,"loc":{"start":{"line":858,"column":9},"end":{"line":858,"column":29}}},"94":{"name":"get","line":862,"loc":{"start":{"line":862,"column":17},"end":{"line":862,"column":32}}},"95":{"name":"set","line":866,"loc":{"start":{"line":866,"column":17},"end":{"line":866,"column":36}}},"96":{"name":"(anonymous_96)","line":872,"loc":{"start":{"line":872,"column":57},"end":{"line":872,"column":73}}},"97":{"name":"isJson","line":895,"loc":{"start":{"line":895,"column":0},"end":{"line":895,"column":21}}},"98":{"name":"(anonymous_98)","line":906,"loc":{"start":{"line":906,"column":18},"end":{"line":906,"column":37}}},"99":{"name":"(anonymous_99)","line":907,"loc":{"start":{"line":907,"column":26},"end":{"line":907,"column":45}}},"100":{"name":"(anonymous_100)","line":911,"loc":{"start":{"line":911,"column":18},"end":{"line":911,"column":33}}},"101":{"name":"(anonymous_101)","line":931,"loc":{"start":{"line":931,"column":27},"end":{"line":931,"column":45}}},"102":{"name":"(anonymous_102)","line":935,"loc":{"start":{"line":935,"column":24},"end":{"line":935,"column":36}}},"103":{"name":"(anonymous_103)","line":960,"loc":{"start":{"line":960,"column":12},"end":{"line":960,"column":37}}},"104":{"name":"(anonymous_104)","line":973,"loc":{"start":{"line":973,"column":13},"end":{"line":973,"column":38}}},"105":{"name":"(anonymous_105)","line":986,"loc":{"start":{"line":986,"column":13},"end":{"line":986,"column":38}}},"106":{"name":"(anonymous_106)","line":1000,"loc":{"start":{"line":1000,"column":13},"end":{"line":1000,"column":38}}},"107":{"name":"(anonymous_107)","line":1007,"loc":{"start":{"line":1007,"column":18},"end":{"line":1007,"column":41}}},"108":{"name":"(anonymous_108)","line":1020,"loc":{"start":{"line":1020,"column":16},"end":{"line":1020,"column":35}}},"109":{"name":"(anonymous_109)","line":1021,"loc":{"start":{"line":1021,"column":26},"end":{"line":1021,"column":45}}},"110":{"name":"(anonymous_110)","line":1023,"loc":{"start":{"line":1023,"column":50},"end":{"line":1023,"column":67}}},"111":{"name":"(anonymous_111)","line":1032,"loc":{"start":{"line":1032,"column":64},"end":{"line":1032,"column":79}}},"112":{"name":"(anonymous_112)","line":1039,"loc":{"start":{"line":1039,"column":24},"end":{"line":1039,"column":36}}},"113":{"name":"(anonymous_113)","line":1067,"loc":{"start":{"line":1067,"column":32},"end":{"line":1067,"column":55}}},"114":{"name":"(anonymous_114)","line":1083,"loc":{"start":{"line":1083,"column":17},"end":{"line":1083,"column":36}}},"115":{"name":"(anonymous_115)","line":1087,"loc":{"start":{"line":1087,"column":26},"end":{"line":1087,"column":45}}},"116":{"name":"(anonymous_116)","line":1094,"loc":{"start":{"line":1094,"column":32},"end":{"line":1094,"column":55}}},"117":{"name":"(anonymous_117)","line":1098,"loc":{"start":{"line":1098,"column":83},"end":{"line":1098,"column":99}}},"118":{"name":"(anonymous_118)","line":1106,"loc":{"start":{"line":1106,"column":31},"end":{"line":1106,"column":54}}},"119":{"name":"(anonymous_119)","line":1112,"loc":{"start":{"line":1112,"column":11},"end":{"line":1112,"column":31}}},"120":{"name":"(anonymous_120)","line":1120,"loc":{"start":{"line":1120,"column":13},"end":{"line":1120,"column":32}}},"121":{"name":"Client","line":1128,"loc":{"start":{"line":1128,"column":4},"end":{"line":1128,"column":29}}},"122":{"name":"(anonymous_122)","line":1129,"loc":{"start":{"line":1129,"column":30},"end":{"line":1129,"column":49}}},"123":{"name":"exec","line":1131,"loc":{"start":{"line":1131,"column":12},"end":{"line":1131,"column":28}}},"124":{"name":"next","line":1143,"loc":{"start":{"line":1143,"column":12},"end":{"line":1143,"column":36}}},"125":{"name":"(anonymous_125)","line":1151,"loc":{"start":{"line":1151,"column":40},"end":{"line":1151,"column":59}}},"126":{"name":"(anonymous_126)","line":1152,"loc":{"start":{"line":1152,"column":50},"end":{"line":1152,"column":70}}},"127":{"name":"(anonymous_127)","line":1170,"loc":{"start":{"line":1170,"column":17},"end":{"line":1170,"column":36}}},"128":{"name":"sendRequest","line":1177,"loc":{"start":{"line":1177,"column":0},"end":{"line":1177,"column":39}}},"129":{"name":"Headers","line":1188,"loc":{"start":{"line":1188,"column":14},"end":{"line":1188,"column":40}}},"130":{"name":"(anonymous_130)","line":1194,"loc":{"start":{"line":1194,"column":18},"end":{"line":1194,"column":41}}},"131":{"name":"has","line":1197,"loc":{"start":{"line":1197,"column":24},"end":{"line":1197,"column":44}}},"132":{"name":"get","line":1201,"loc":{"start":{"line":1201,"column":24},"end":{"line":1201,"column":44}}},"133":{"name":"getAll","line":1208,"loc":{"start":{"line":1208,"column":27},"end":{"line":1208,"column":50}}},"134":{"name":"set","line":1212,"loc":{"start":{"line":1212,"column":24},"end":{"line":1212,"column":51}}},"135":{"name":"append","line":1216,"loc":{"start":{"line":1216,"column":27},"end":{"line":1216,"column":56}}},"136":{"name":"delete$1","line":1227,"loc":{"start":{"line":1227,"column":27},"end":{"line":1227,"column":51}}},"137":{"name":"deleteAll","line":1231,"loc":{"start":{"line":1231,"column":30},"end":{"line":1231,"column":51}}},"138":{"name":"forEach","line":1235,"loc":{"start":{"line":1235,"column":28},"end":{"line":1235,"column":65}}},"139":{"name":"(anonymous_139)","line":1238,"loc":{"start":{"line":1238,"column":19},"end":{"line":1238,"column":41}}},"140":{"name":"(anonymous_140)","line":1239,"loc":{"start":{"line":1239,"column":19},"end":{"line":1239,"column":36}}},"141":{"name":"getName","line":1243,"loc":{"start":{"line":1243,"column":0},"end":{"line":1243,"column":28}}},"142":{"name":"(anonymous_142)","line":1244,"loc":{"start":{"line":1244,"column":35},"end":{"line":1244,"column":57}}},"143":{"name":"normalizeName","line":1249,"loc":{"start":{"line":1249,"column":0},"end":{"line":1249,"column":29}}},"144":{"name":"Response","line":1262,"loc":{"start":{"line":1262,"column":15},"end":{"line":1262,"column":44}}},"145":{"name":"blob","line":1290,"loc":{"start":{"line":1290,"column":26},"end":{"line":1290,"column":43}}},"146":{"name":"text","line":1294,"loc":{"start":{"line":1294,"column":26},"end":{"line":1294,"column":43}}},"147":{"name":"json","line":1298,"loc":{"start":{"line":1298,"column":26},"end":{"line":1298,"column":43}}},"148":{"name":"(anonymous_148)","line":1299,"loc":{"start":{"line":1299,"column":29},"end":{"line":1299,"column":45}}},"149":{"name":"blobText","line":1302,"loc":{"start":{"line":1302,"column":0},"end":{"line":1302,"column":24}}},"150":{"name":"(anonymous_150)","line":1303,"loc":{"start":{"line":1303,"column":26},"end":{"line":1303,"column":45}}},"151":{"name":"(anonymous_151)","line":1308,"loc":{"start":{"line":1308,"column":24},"end":{"line":1308,"column":36}}},"152":{"name":"isBlobText","line":1315,"loc":{"start":{"line":1315,"column":0},"end":{"line":1315,"column":26}}},"153":{"name":"Request","line":1323,"loc":{"start":{"line":1323,"column":14},"end":{"line":1323,"column":43}}},"154":{"name":"getUrl","line":1337,"loc":{"start":{"line":1337,"column":27},"end":{"line":1337,"column":45}}},"155":{"name":"getBody","line":1341,"loc":{"start":{"line":1341,"column":28},"end":{"line":1341,"column":47}}},"156":{"name":"respondWith","line":1345,"loc":{"start":{"line":1345,"column":32},"end":{"line":1345,"column":72}}},"157":{"name":"Http","line":1356,"loc":{"start":{"line":1356,"column":0},"end":{"line":1356,"column":26}}},"158":{"name":"(anonymous_158)","line":1362,"loc":{"start":{"line":1362,"column":30},"end":{"line":1362,"column":49}}},"159":{"name":"(anonymous_159)","line":1374,"loc":{"start":{"line":1374,"column":48},"end":{"line":1374,"column":68}}},"160":{"name":"(anonymous_160)","line":1378,"loc":{"start":{"line":1378,"column":7},"end":{"line":1378,"column":27}}},"161":{"name":"(anonymous_161)","line":1402,"loc":{"start":{"line":1402,"column":43},"end":{"line":1402,"column":64}}},"162":{"name":"(anonymous_162)","line":1404,"loc":{"start":{"line":1404,"column":22},"end":{"line":1404,"column":49}}},"163":{"name":"(anonymous_163)","line":1410,"loc":{"start":{"line":1410,"column":33},"end":{"line":1410,"column":54}}},"164":{"name":"(anonymous_164)","line":1412,"loc":{"start":{"line":1412,"column":22},"end":{"line":1412,"column":58}}},"165":{"name":"Resource","line":1422,"loc":{"start":{"line":1422,"column":0},"end":{"line":1422,"column":52}}},"166":{"name":"(anonymous_166)","line":1431,"loc":{"start":{"line":1431,"column":18},"end":{"line":1431,"column":42}}},"167":{"name":"(anonymous_167)","line":1435,"loc":{"start":{"line":1435,"column":25},"end":{"line":1435,"column":37}}},"168":{"name":"opts","line":1443,"loc":{"start":{"line":1443,"column":0},"end":{"line":1443,"column":28}}},"169":{"name":"plugin","line":1496,"loc":{"start":{"line":1496,"column":0},"end":{"line":1496,"column":21}}},"170":{"name":"get","line":1512,"loc":{"start":{"line":1512,"column":17},"end":{"line":1512,"column":32}}},"171":{"name":"get","line":1518,"loc":{"start":{"line":1518,"column":17},"end":{"line":1518,"column":32}}},"172":{"name":"get","line":1524,"loc":{"start":{"line":1524,"column":17},"end":{"line":1524,"column":32}}},"173":{"name":"get","line":1530,"loc":{"start":{"line":1530,"column":17},"end":{"line":1530,"column":32}}},"174":{"name":"(anonymous_174)","line":1533,"loc":{"start":{"line":1533,"column":23},"end":{"line":1533,"column":43}}}},"statementMap":{"1":{"start":{"line":13,"column":0},"end":{"line":13,"column":17}},"2":{"start":{"line":14,"column":0},"end":{"line":14,"column":17}},"3":{"start":{"line":15,"column":0},"end":{"line":15,"column":17}},"4":{"start":{"line":17,"column":0},"end":{"line":34,"column":1}},"5":{"start":{"line":19,"column":4},"end":{"line":19,"column":25}},"6":{"start":{"line":20,"column":4},"end":{"line":20,"column":27}},"7":{"start":{"line":21,"column":4},"end":{"line":21,"column":23}},"8":{"start":{"line":23,"column":4},"end":{"line":23,"column":23}},"9":{"start":{"line":25,"column":4},"end":{"line":33,"column":5}},"10":{"start":{"line":26,"column":8},"end":{"line":30,"column":11}},"11":{"start":{"line":27,"column":12},"end":{"line":27,"column":31}},"12":{"start":{"line":29,"column":12},"end":{"line":29,"column":30}},"13":{"start":{"line":32,"column":8},"end":{"line":32,"column":26}},"14":{"start":{"line":36,"column":0},"end":{"line":40,"column":2}},"15":{"start":{"line":37,"column":4},"end":{"line":39,"column":7}},"16":{"start":{"line":38,"column":8},"end":{"line":38,"column":18}},"17":{"start":{"line":42,"column":0},"end":{"line":46,"column":2}},"18":{"start":{"line":43,"column":4},"end":{"line":45,"column":7}},"19":{"start":{"line":44,"column":8},"end":{"line":44,"column":19}},"20":{"start":{"line":48,"column":0},"end":{"line":71,"column":2}},"21":{"start":{"line":49,"column":
[...]
.type = 'text/javascript';","        script.async = true;","        script.onload = handler;","        script.onerror = handler;","","        document.body.appendChild(script);","    });","};","","/**"," * JSONP Interceptor."," */","","var jsonp = function (request, next) {","","    if (request.method == 'JSONP') {","        request.client = jsonpClient;","    }","","    next();","};","","/**"," * Before Interceptor."," */","","var before = function (request, next) {","","    if (isFunction(request.before)) {","        request.before.call(this, request);","    }","","    next();","};","","/**"," * HTTP method override Interceptor."," */","","var method = function (request, next) {","","    if (request.emulateHTTP && /^(PUT|PATCH|DELETE)$/i.test(request.method)) {","        request.headers.set('X-HTTP-Method-Override', request.method);","        request.method = 'POST';","    }","","    next();","};","","/**"," * Header Interceptor."," */","","var header = function (request, next) {","","    var headers = assign({}, Http.headers.common,","        !request.crossOrigin ? Http.headers.custom : {},","        Http.headers[toLower(request.method)]","    );","","    each(headers, function (value, name) {","        if (!request.headers.has(name)) {","            request.headers.set(name, value);","        }","    });","","    next();","};","","/**"," * XMLHttp client (Browser)."," */","","var xhrClient = function (request) {","    return new PromiseObj(function (resolve) {","","        var xhr = new XMLHttpRequest(), handler = function (event) {","","            var response = request.respondWith(","                'response' in xhr ? xhr.response : xhr.responseText, {","                    status: xhr.status === 1223 ? 204 : xhr.status, // IE9 status bug","                    statusText: xhr.status === 1223 ? 'No Content' : trim(xhr.statusText)","                }","            );","","            each(trim(xhr.getAllResponseHeaders()).split('\\n'), function (row) {","                response.headers.append(row.slice(0, row.indexOf(':')), row.slice(row.indexOf(':') + 1));","            });","","            resolve(response);","        };","","        request.abort = function () { return xhr.abort(); };","","        if (request.progress) {","            if (request.method === 'GET') {","                xhr.addEventListener('progress', request.progress);","            } else if (/^(POST|PUT)$/i.test(request.method)) {","                xhr.upload.addEventListener('progress', request.progress);","            }","        }","","        xhr.open(request.method, request.getUrl(), true);","","        if (request.timeout) {","            xhr.timeout = request.timeout;","        }","","        if (request.responseType && 'responseType' in xhr) {","            xhr.responseType = request.responseType;","        }","","        if (request.withCredentials || request.credentials) {","            xhr.withCredentials = true;","        }","","        if (!request.crossOrigin) {","            request.headers.set('X-Requested-With', 'XMLHttpRequest');","        }","","        request.headers.forEach(function (value, name) {","            xhr.setRequestHeader(name, value);","        });","","        xhr.onload = handler;","        xhr.onabort = handler;","        xhr.onerror = handler;","        xhr.ontimeout = handler;","        xhr.send(request.getBody());","    });","};","","/**"," * Http client (Node)."," */","","var nodeClient = function (request) {","","    var client = require('got');","","    return new PromiseObj(function (resolve) {","","        var url = request.getUrl();","        var body = request.getBody();","        var method = request.method;","        var headers = {}, handler;","","        request.headers.forEach(function (value, name) {","            headers[name] = value;","        });","","        client(url, {body: body, method: method, headers: headers}).then(handler = function (resp) {","","            var response = request.respondWith(resp.body, {","                    status: resp.statusCode,","                    statusText: trim(resp.statusMessage)","                }","            );","","            each(resp.headers, function (value, name) {","                response.headers.set(name, value);","            });","","            resolve(response);","","        }, function (error$$1) { return handler(error$$1.response); });","    });","};","","/**"," * Base client."," */","","var Client = function (context) {","","    var reqHandlers = [sendRequest], resHandlers = [], handler;","","    if (!isObject(context)) {","        context = null;","    }","","    function Client(request) {","        return new PromiseObj(function (resolve) {","","            function exec() {","","                handler = reqHandlers.pop();","","                if (isFunction(handler)) {","                    handler.call(context, request, next);","                } else {","                    warn((\"Invalid interceptor of type \" + (typeof handler) + \", must be a function\"));","                    next();","                }","            }","","            function next(response) {","","                if (isFunction(response)) {","","                    resHandlers.unshift(response);","","                } else if (isObject(response)) {","","                    resHandlers.forEach(function (handler) {","                        response = when(response, function (response) {","                            return handler.call(context, response) || response;","                        });","                    });","","                    when(response, resolve);","","                    return;","                }","","                exec();","            }","","            exec();","","        }, context);","    }","","    Client.use = function (handler) {","        reqHandlers.push(handler);","    };","","    return Client;","};","","function sendRequest(request, resolve) {","","    var client = request.client || (inBrowser ? xhrClient : nodeClient);","","    resolve(client(request));","}","","/**"," * HTTP Headers."," */","","var Headers = function Headers(headers) {","    var this$1 = this;","","","    this.map = {};","","    each(headers, function (value, name) { return this$1.append(name, value); });","};","","Headers.prototype.has = function has (name) {","    return getName(this.map, name) !== null;","};","","Headers.prototype.get = function get (name) {","","    var list = this.map[getName(this.map, name)];","","    return list ? list.join() : null;","};","","Headers.prototype.getAll = function getAll (name) {","    return this.map[getName(this.map, name)] || [];","};","","Headers.prototype.set = function set (name, value) {","    this.map[normalizeName(getName(this.map, name) || name)] = [trim(value)];","};","","Headers.prototype.append = function append (name, value){","","    var list = this.map[getName(this.map, name)];","","    if (list) {","        list.push(trim(value));","    } else {","        this.set(name, value);","    }","};","","Headers.prototype.delete = function delete$1 (name){","    delete this.map[getName(this.map, name)];","};","","Headers.prototype.deleteAll = function deleteAll (){","    this.map = {};","};","","Headers.prototype.forEach = function forEach (callback, thisArg) {","        var this$1 = this;","","    each(this.map, function (list, name) {","        each(list, function (value) { return callback.call(thisArg, value, name, this$1); });","    });","};","","function getName(map, name) {","    return Object.keys(map).reduce(function (prev, curr) {","        return toLower(name) === toLower(curr) ? curr : prev;","    }, null);","}","","function normalizeName(name) {","","    if (/[^a-z0-9\\-#$%&'*+.\\^_`|~]/i.test(name)) {","        throw new TypeError('Invalid character in header field name');","    }","","    return trim(name);","}","","/**"," * HTTP Response."," */","","var Response = function Response(body, ref) {","    var url = ref.url;","    var headers = ref.headers;","    var status = ref.status;","    var statusText = ref.statusText;","","","    this.url = url;","    this.ok = status >= 200 && status < 300;","    this.status = status || 0;","    this.statusText = statusText || '';","    this.headers = new Headers(headers);","    this.body = body;","","    if (isString(body)) {","","        this.bodyText = body;","","    } else if (isBlob(body)) {","","        this.bodyBlob = body;","","        if (isBlobText(body)) {","            this.bodyText = blobText(body);","        }","    }","};","","Response.prototype.blob = function blob () {","    return when(this.bodyBlob);","};","","Response.prototype.text = function text () {","    return when(this.bodyText);","};","","Response.prototype.json = function json () {","    return when(this.text(), function (text) { return JSON.parse(text); });","};","","function blobText(body) {","    return new PromiseObj(function (resolve) {","","        var reader = new FileReader();","","        reader.readAsText(body);","        reader.onload = function () {","            resolve(reader.result);","        };","","    });","}","","function isBlobText(body) {","    return body.type.indexOf('text') === 0 || body.type.indexOf('json') !== -1;","}","","/**"," * HTTP Request."," */","","var Request = function Request(options$$1) {","","    this.body = null;","    this.params = {};","","    assign(this, options$$1, {","        method: toUpper(options$$1.method || 'GET')","    });","","    if (!(this.headers instanceof Headers)) {","        this.headers = new Headers(this.headers);","    }","};","","Request.prototype.getUrl = function getUrl (){","    return Url(this);","};","","Request.prototype.getBody = function getBody (){","    return this.body;","};","","Request.prototype.respondWith = function respondWith (body, options$$1) {","    return new Response(body, assign(options$$1 || {}, {url: this.getUrl()}));","};","","/**"," * Service for sending network requests."," */","","var COMMON_HEADERS = {'Accept': 'application/json, text/plain, */*'};","var JSON_CONTENT_TYPE = {'Content-Type': 'application/json;charset=utf-8'};","","function Http(options$$1) {","","    var self = this || {}, client = Client(self.$vm);","","    defaults(options$$1 || {}, self.$options, Http.options);","","    Http.interceptors.forEach(function (handler) {","","        if (isString(handler)) {","            handler = Http.interceptor[handler];","        }","","        if (isFunction(handler)) {","            client.use(handler);","        }","","    });","","    return client(new Request(options$$1)).then(function (response) {","","        return response.ok ? response : PromiseObj.reject(response);","","    }, function (response) {","","        if (response instanceof Error) {","            error(response);","        }","","        return PromiseObj.reject(response);","    });","}","","Http.options = {};","","Http.headers = {","    put: JSON_CONTENT_TYPE,","    post: JSON_CONTENT_TYPE,","    patch: JSON_CONTENT_TYPE,","    delete: JSON_CONTENT_TYPE,","    common: COMMON_HEADERS,","    custom: {}","};","","Http.interceptor = {before: before, method: method, body: body, jsonp: jsonp, header: header, cors: cors};","Http.interceptors = ['before', 'method', 'body', 'jsonp', 'header', 'cors'];","","['get', 'delete', 'head', 'jsonp'].forEach(function (method$$1) {","","    Http[method$$1] = function (url, options$$1) {","        return this(assign(options$$1 || {}, {url: url, method: method$$1}));","    };","","});","","['post', 'put', 'patch'].forEach(function (method$$1) {","","    Http[method$$1] = function (url, body$$1, options$$1) {","        return this(assign(options$$1 || {}, {url: url, method: method$$1, body: body$$1}));","    };","","});","","/**"," * Service for interacting with RESTful services."," */","","function Resource(url, params, actions, options$$1) {","","    var self = this || {}, resource = {};","","    actions = assign({},","        Resource.actions,","        actions","    );","","    each(actions, function (action, name) {","","        action = merge({url: url, params: assign({}, params)}, options$$1, action);","","        resource[name] = function () {","            return (self.$http || Http)(opts(action, arguments));","        };","    });","","    return resource;","}","","function opts(action, args) {","","    var options$$1 = assign({}, action), params = {}, body;","","    switch (args.length) {","","        case 2:","","            params = args[0];","            body = args[1];","","            break;","","        case 1:","","            if (/^(POST|PUT|PATCH)$/i.test(options$$1.method)) {","                body = args[0];","            } else {","                params = args[0];","            }","","            break;","","        case 0:","","            break;","","        default:","","            throw 'Expected up to 2 arguments [params, body], got ' + args.length + ' arguments';","    }","","    options$$1.body = body;","    options$$1.params = assign({}, options$$1.params, params);","","    return options$$1;","}","","Resource.actions = {","","    get: {method: 'GET'},","    save: {method: 'POST'},","    query: {method: 'GET'},","    update: {method: 'PUT'},","    remove: {method: 'DELETE'},","    delete: {method: 'DELETE'}","","};","","/**"," * Install plugin."," */","","function plugin(Vue) {","","    if (plugin.installed) {","        return;","    }","","    Util(Vue);","","    Vue.url = Url;","    Vue.http = Http;","    Vue.resource = Resource;","    Vue.Promise = PromiseObj;","","    Object.defineProperties(Vue.prototype, {","","        $url: {","            get: function get() {","                return options(Vue.url, this, this.$options.url);","            }","        },","","        $http: {","            get: function get() {","                return options(Vue.http, this, this.$options.http);","            }","        },","","        $resource: {","            get: function get() {","                return Vue.resource.bind(this);","            }","        },","","        $promise: {","            get: function get() {","                var this$1 = this;","","                return function (executor) { return new Vue.Promise(executor, this$1); };","            }","        }","","    });","}","","if (typeof window !== 'undefined' && window.Vue) {","    window.Vue.use(plugin);","}","","module.exports = plugin;",""],"l":{"13":1,"14":1,"15":1,"17":1,"19":0,"20":0,"21":0,"23":0,"25":0,"26":0,"27":0,"29":0,"32":0,"36":1,"37":0,"38":0,"42":1,"43":0,"44":0,"48":1,"49":0,"50":0,"52":0,"53":0,"56":1,"57":0,"58":0,"59":0,"61":0,"62":0,"67":0,"68":0,"73":1,"74":0,"75":0,"76":0,"81":1,"83":1,"84":0,"86":0,"87":0,"88":0,"91":0,"93":0,"94":0,"96":0,"97":0,"98":0,"99":0,"101":0,"104":0,"105":0,"107":0,"109":0,"112":0,"113":0,"115":0,"118":0,"119":0,"120":0,"124":1,"125":0,"127":0,"128":0,"129":0,"132":0,"133":0,"134":0,"138":1,"139":0,"141":0,"142":0,"143":0,"144":0,"150":0,"151":0,"152":0,"153":0,"155":0,"157":0,"158":0,"159":0,"161":0,"165":0,"172":1,"173":0,"175":0,"176":0,"177":0,"181":1,"182":0,"189":1,"190":0,"193":1,"195":0,"196":0,"198":0,"201":0,"204":1,"205":0,"208":1,"209":0,"212":1,"213":0,"216":1,"217":0,"220":1,"222":1,"223":0,"224":0,"227":1,"229":0,"230":0,"233":0,"234":0,"237":0,"240":1,"242":0,"243":0,"246":0,"249":1,"251":0,"252":0,"253":0,"255":0,"256":0,"265":1,"266":1,"268":1,"269":1,"270":1,"271":1,"273":1,"275":1,"276":0,"277":0,"279":0,"280":0,"283":1,"284":0,"285":0,"289":1,"290":0,"291":0,"295":1,"296":0,"299":1,"300":0,"303":1,"304":0,"307":1,"308":0,"311":1,"313":1,"314":0,"319":1,"320":0,"323":1,"324":0,"327":1,"328":0,"331":1,"332":0,"335":1,"336":0,"339":1,"341":0,"343":0,"344":0,"347":0,"350":1,"352":0,"354":0,"355":0,"358":0,"361":1,"363":0,"365":0,"366":0,"367":0,"369":0,"370":0,"371":0,"372":0,"377":0,"380":1,"382":1,"384":0,"386":0,"387":0,"390":0,"393":1,"395":0,"397":0,"399":0,"400":0,"401":0,"407":0,"410":1,"412":0,"414":0,"415":0,"418":0,"421":1,"422":0,"423":0,"424":0,"425":0,"427":0,"428":0,"430":0,"431":0,"432":0,"441":1,"443":0,"445":0,"446":0,"449":0,"456":1,"458":0,"460":0,"461":0,"462":0,"466":0,"468":0,"469":0,"472":0,"479":1,"481":0,"483":0,"484":0,"487":0,"490":1,"492":0,"494":0,"497":0,"498":0,"500":0,"502":0,"503":0,"504":0,"507":0,"508":0,"509":0,"510":0,"513":0,"515":0,"517":0,"518":0,"519":0,"520":0,"523":0,"525":0,"529":0,"536":1,"538":0,"540":0,"541":0,"542":0,"544":0,"545":0,"548":0,"550":0,"551":0,"552":0,"553":0,"556":0,"557":0,"558":0,"563":0,"565":0,"566":0,"567":0,"570":0,"571":0,"572":0,"573":0,"578":0,"579":0,"580":0,"581":0,"586":0,"587":0,"588":0,"589":0,"590":0,"591":0,"595":0,"598":1,"599":0,"602":1,"603":0,"606":1,"608":0,"610":0,"611":0,"613":0,"617":1,"618":0,"619":0,"620":0,"622":0,"630":1,"632":0,"634":0,"635":0,"638":0,"645":1,"647":0,"649":0,"650":0,"653":0,"655":0,"657":0,"658":0,"661":0,"662":0,"667":0,"674":1,"684":1,"685":1,"693":1,"695":0,"697":0,"699":0,"700":0,"703":0,"704":0,"707":0,"710":0,"712":0,"721":1,"723":0,"725":0,"726":0,"727":0,"730":0,"732":0,"744":1,"745":0,"746":0,"750":1,"752":0,"754":0,"756":0,"758":0,"759":0,"762":0,"763":0,"764":0,"765":0,"767":0,"776":1,"777":0,"779":0,"780":0,"783":0,"785":0,"786":0,"787":0,"788":0,"791":0,"794":0,"796":0,"798":0,"799":0,"802":0,"803":0,"804":0,"805":0,"806":0,"807":0,"815":1,"817":1,"819":0,"821":0,"822":0,"824":0,"826":0,"827":0,"829":0,"830":0,"835":0,"842":1,"844":0,"846":0,"848":0,"850":0,"851":0,"852":0,"854":0,"858":0,"860":0,"863":0,"867":0,"872":0,"874":0,"876":0,"878":0,"879":0,"881":0,"885":0,"888":0,"895":1,"897":0,"899":0,"906":1,"907":0,"909":0,"911":0,"912":0,"915":0,"917":0,"918":0,"919":0,"920":0,"923":0,"924":0,"925":0,"928":0,"931":0,"932":0,"935":0,"936":0,"939":0,"941":0,"942":0,"945":0,"946":0,"947":0,"948":0,"949":0,"950":0,"952":0,"960":1,"962":0,"963":0,"966":0,"973":1,"975":0,"976":0,"979":0,"986":1,"988":0,"989":0,"990":0,"993":0,"1000":1,"1002":0,"1007":0,"1008":0,"1009":0,"1013":0,"1020":1,"1021":0,"1023":0,"1025":0,"1032":0,"1033":0,"1036":0,"1039":0,"1041":0,"1042":0,"1043":0,"1044":0,"1045":0,"1049":0,"1051":0,"1052":0,"1055":0,"1056":0,"1059":0,"1060":0,"1063":0,"1064":0,"1067":0,"1068":0,"1071":0,"1072":0,"1073":0,"1074":0,"1075":0,"1083":1,"1085":0,"1087":0,"1089":0,"1090":0,"1091":0,"1092":0,"1094":0,"1095":0,"1098":0,"1100":0,"1106":0,"1107":0,"1110":0,"1112":0,"1120":1,"1122":0,"1124":0,"1125":0,"1128":1,"1129":0,"1131":1,"1133":0,"1135":0,"1136":0,"1138":0,"1139":0,"1143":1,"1145":0,"1147":0,"1149":0,"1151":0,"1152":0,"1153":0,"1157":0,"1159":0,"1162":0,"1165":0,"1170":0,"1171":0,"1174":0,"1177":1,"1179":0,"1181":0,"1188":1,"1189":0,"1192":0,"1194":0,"1197":1,"1198":0,"1201":1,"1203":0,"1205":0,"1208":1,"1209":0,"1212":1,"1213":0,"1216":1,"1218":0,"1220":0,"1221":0,"1223":0,"1227":1,"1228":0,"1231":1,"1232":0,"1235":1,"1236":0,"1238":0,"1239":0,"1243":1,"1244":0,"1245":0,"1249":1,"1251":0,"1252":0,"1255":0,"1262":1,"1263":0,"1264":0,"1265":0,"1266":0,"1269":0,"1270":0,"1271":0,"1272":0,"1273":0,"1274":0,"1276":0,"1278":0,"1280":0,"1282":0,"1284":0,"1285":0,"1290":1,"1291":0,"1294":1,"1295":0,"1298":1,"1299":0,"1302":1,"1303":0,"1305":0,"1307":0,"1308":0,"1309":0,"1315":1,"1316":0,"1323":1,"1325":0,"1326":0,"1328":0,"1332":0,"1333":0,"1337":1,"1338":0,"1341":1,"1342":0,"1345":1,"1346":0,"1353":1,"1354":1,"1356":1,"1358":0,"1360":0,"1362":0,"1364":0,"1365":0,"1368":0,"1369":0,"1374":0,"1376":0,"1380":0,"1381":0,"1384":0,"1388":1,"1390":1,"1399":1,"1400":1,"1402":1,"1404":4,"1405":0,"1410":1,"1412":3,"1413":0,"1422":1,"1424":0,"1426":0,"1431":0,"1433":0,"1435":0,"1436":0,"1440":0,"1443":1,"1445":0,"1447":0,"1451":0,"1452":0,"1454":0,"1458":0,"1459":0,"1461":0,"1464":0,"1468":0,"1472":0,"1475":0,"1476":0,"1478":0,"1481":1,"1496":1,"1498":0,"1499":0,"1502":0,"1504":0,"1505":0,"1506":0,"1507":0,"1509":0,"1513":0,"1519":0,"1525":0,"1531":0,"1533":0,"1540":1,"1541":0,"1544":1}}}